{"meta": {"format": 3, "version": "7.13.4", "timestamp": "2026-03-20T12:51:29.788614", "branch_coverage": false, "show_contexts": false}, "files": {"src\\core\\cache.py": {"executed_lines": [1, 2, 3, 4, 5, 7, 9, 11, 14, 15, 16, 18, 19, 20, 21, 22, 28, 30, 31, 32, 33, 34, 35, 37, 38, 39, 40, 41, 42, 43, 44, 46, 47, 48, 50, 51, 53, 57, 59, 60, 61, 62, 63, 64, 65, 66, 70, 74, 75, 76, 78, 79, 82, 83, 84, 85], "summary": {"covered_lines": 56, "num_statements": 70, "percent_covered": 80.0, "percent_covered_display": "80", "missing_lines": 14, "excluded_lines": 0, "percent_statements_covered": 80.0, "percent_statements_covered_display": "80"}, "missing_lines": [23, 24, 25, 26, 45, 54, 55, 67, 68, 71, 72, 80, 86, 87], "excluded_lines": [], "functions": {"AdvancedCache.__init__": {"executed_lines": [15, 16, 18, 19, 20, 21, 22, 28], "summary": {"covered_lines": 8, "num_statements": 12, "percent_covered": 66.66666666666667, "percent_covered_display": "67", "missing_lines": 4, "excluded_lines": 0, "percent_statements_covered": 66.66666666666667, "percent_statements_covered_display": "67"}, "missing_lines": [23, 24, 25, 26], "excluded_lines": [], "start_line": 14}, "AdvancedCache._init_memory_cache": {"executed_lines": [31, 32, 33, 34, 35], "summary": {"covered_lines": 5, "num_statements": 5, "percent_covered": 100.0, "percent_covered_display": "100", "missing_lines": 0, "excluded_lines": 0, "percent_statements_covered": 100.0, "percent_statements_covered_display": "100"}, "missing_lines": [], "excluded_lines": [], "start_line": 30}, "AdvancedCache.get": {"executed_lines": [38, 39, 40, 41, 42, 43, 44, 46, 47, 48, 50, 51, 53, 57], "summary": {"covered_lines": 14, "num_statements": 17, "percent_covered": 82.3529411764706, "percent_covered_display": "82", "missing_lines": 3, "excluded_lines": 0, "percent_statements_covered": 82.3529411764706, "percent_statements_covered_display": "82"}, "missing_lines": [45, 54, 55], "excluded_lines": [], "start_line": 37}, "AdvancedCache.put": {"executed_lines": [60, 61, 62, 63, 64, 65, 66, 70, 74, 75, 76], "summary": {"covered_lines": 11, "num_statements": 15, "percent_covered": 73.33333333333333, "percent_covered_display": "73", "missing_lines": 4, "excluded_lines": 0, "percent_statements_covered": 73.33333333333333, "percent_statements_covered_display": "73"}, "missing_lines": [67, 68, 71, 72], "excluded_lines": [], "start_line": 59}, "AdvancedCache.remove": {"executed_lines": [79, 82, 83, 84, 85], "summary": {"covered_lines": 5, "num_statements": 8, "percent_covered": 62.5, "percent_covered_display": "62", "missing_lines": 3, "excluded_lines": 0, "percent_statements_covered": 62.5, "percent_statements_covered_display": "62"}, "missing_lines": [80, 86, 87], "excluded_lines": [], "start_line": 78}, "": {"executed_lines": [1, 2, 3, 4, 5, 7, 9, 11, 14, 30, 37, 59, 78], "summary": {"covered_lines": 13, "num_statements": 13, "percent_covered": 100.0, "percent_covered_display": "100", "missing_lines": 0, "excluded_lines": 0, "percent_statements_covered": 100.0, "percent_statements_covered_display": "100"}, "missing_lines": [], "excluded_lines": [], "start_line": 1}}, "classes": {"AdvancedCache": {"executed_lines": [15, 16, 18, 19, 20, 21, 22, 28, 31, 32, 33, 34, 35, 38, 39, 40, 41, 42, 43, 44, 46, 47, 48, 50, 51, 53, 57, 60, 61, 62, 63, 64, 65, 66, 70, 74, 75, 76, 79, 82, 83, 84, 85], "summary": {"covered_lines": 43, "num_statements": 57, "percent_covered": 75.43859649122807, "percent_covered_display": "75", "missing_lines": 14, "excluded_lines": 0, "percent_statements_covered": 75.43859649122807, "percent_statements_covered_display": "75"}, "missing_lines": [23, 24, 25, 26, 45, 54, 55, 67, 68, 71, 72, 80, 86, 87], "excluded_lines": [], "start_line": 11}, "": {"executed_lines": [1, 2, 3, 4, 5, 7, 9, 11, 14, 30, 37, 59, 78], "summary": {"covered_lines": 13, "num_statements": 13, "percent_covered": 100.0, "percent_covered_display": "100", "missing_lines": 0, "excluded_lines": 0, "percent_statements_covered": 100.0, "percent_statements_covered_display": "100"}, "missing_lines": [], "excluded_lines": [], "start_line": 1}}}, "src\\core\\containers.py": {"executed_lines": [1, 2, 4, 6, 8, 11, 12, 13, 15, 16, 17, 22], "summary": {"covered_lines": 12, "num_statements": 34, "percent_covered": 35.294117647058826, "percent_covered_display": "35", "missing_lines": 22, "excluded_lines": 0, "percent_statements_covered": 35.294117647058826, "percent_statements_covered_display": "35"}, "missing_lines": [18, 19, 20, 24, 25, 27, 29, 32, 35, 36, 37, 38, 39, 41, 43, 44, 45, 46, 48, 49, 52, 53], "excluded_lines": [], "functions": {"ContainerManager.__init__": {"executed_lines": [12, 13, 15, 16, 17], "summary": {"covered_lines": 5, "num_statements": 8, "percent_covered": 62.5, "percent_covered_display": "62", "missing_lines": 3, "excluded_lines": 0, "percent_statements_covered": 62.5, "percent_statements_covered_display": "62"}, "missing_lines": [18, 19, 20], "excluded_lines": [], "start_line": 11}, "ContainerManager.scale_containers": {"executed_lines": [], "summary": {"covered_lines": 0, "num_statements": 19, "percent_covered": 0.0, "percent_covered_display": "0", "missing_lines": 19, "excluded_lines": 0, "percent_statements_covered": 0.0, "percent_statements_covered_display": "0"}, "missing_lines": [24, 25, 27, 29, 32, 35, 36, 37, 38, 39, 41, 43, 44, 45, 46, 48, 49, 52, 53], "excluded_lines": [], "start_line": 22}, "": {"executed_lines": [1, 2, 4, 6, 8, 11, 22], "summary": {"covered_lines": 7, "num_statements": 7, "percent_covered": 100.0, "percent_covered_display": "100", "missing_lines": 0, "excluded_lines": 0, "percent_statements_covered": 100.0, "percent_statements_covered_display": "100"}, "missing_lines": [], "excluded_lines": [], "start_line": 1}}, "classes": {"ContainerManager": {"executed_lines": [12, 13, 15, 16, 17], "summary": {"covered_lines": 5, "num_statements": 27, "percent_covered": 18.51851851851852, "percent_covered_display": "19", "missing_lines": 22, "excluded_lines": 0, "percent_statements_covered": 18.51851851851852, "percent_statements_covered_display": "19"}, "missing_lines": [18, 19, 20, 24, 25, 27, 29, 32, 35, 36, 37, 38, 39, 41, 43, 44, 45, 46, 48, 49, 52, 53], "excluded_lines": [], "start_line": 8}, "": {"executed_lines": [1, 2, 4, 6, 8, 11, 22], "summary": {"covered_lines": 7, "num_statements": 7, "percent_covered": 100.0, "percent_covered_display": "100", "missing_lines": 0, "excluded_lines": 0, "percent_statements_covered": 100.0, "percent_statements_covered_display": "100"}, "missing_lines": [], "excluded_lines": [], "start_line": 1}}}, "src\\core\\evolution\\__init__.py": {"executed_lines": [8, 9, 10, 11, 12, 19, 20, 26, 27, 28, 33, 43], "summary": {"covered_lines": 12, "num_statements": 12, "percent_covered": 100.0, "percent_covered_display": "100", "missing_lines": 0, "excluded_lines": 0, "percent_statements_covered": 100.0, "percent_statements_covered_display": "100"}, "missing_lines": [], "excluded_lines": [], "functions": {"": {"executed_lines": [8, 9, 10, 11, 12, 19, 20, 26, 27, 28, 33, 43], "summary": {"covered_lines": 12, "num_statements": 12, "percent_covered": 100.0, "percent_covered_display": "100", "missing_lines": 0, "excluded_lines": 0, "percent_statements_covered": 100.0, "percent_statements_covered_display": "100"}, "missing_lines": [], "excluded_lines": [], "start_line": 1}}, "classes": {"": {"executed_lines": [8, 9, 10, 11, 12, 19, 20, 26, 27, 28, 33, 43], "summary": {"covered_lines": 12, "num_statements": 12, "percent_covered": 100.0, "percent_covered_display": "100", "missing_lines": 0, "excluded_lines": 0, "percent_statements_covered": 100.0, "percent_statements_covered_display": "100"}, "missing_lines": [], "excluded_lines": [], "start_line": 1}}}, "src\\core\\evolution\\cli.py": {"executed_lines": [1, 3, 4, 5, 6, 7, 8, 10, 11, 12, 14, 17, 26, 33, 65, 77, 143, 146, 157, 178, 186, 212, 230, 277, 290], "summary": {"covered_lines": 25, "num_statements": 152, "percent_covered": 16.44736842105263, "percent_covered_display": "16", "missing_lines": 127, "excluded_lines": 0, "percent_statements_covered": 16.44736842105263, "percent_statements_covered_display": "16"}, "missing_lines": [19, 20, 28, 29, 30, 35, 37, 38, 39, 40, 41, 42, 44, 45, 46, 47, 48, 50, 51, 52, 53, 54, 55, 57, 58, 59, 60, 61, 62, 67, 68, 69, 71, 79, 84, 90, 98, 106, 114, 121, 128, 134, 140, 152, 153, 154, 155, 163, 165, 166, 168, 169, 171, 173, 174, 176, 180, 181, 182, 183, 184, 188, 189, 190, 191, 192, 193, 194, 195, 196, 197, 198, 199, 200, 202, 203, 204, 210, 214, 215, 216, 217, 218, 219, 220, 221, 222, 223, 224, 225, 226, 227, 228, 232, 233, 234, 235, 236, 237, 238, 239, 241, 242, 243, 244, 245, 247, 248, 255, 256, 257, 258, 260, 261, 262, 263, 264, 266, 267, 268, 270, 272, 273, 274, 286, 287, 291], "excluded_lines": [], "functions": {"setup_logging": {"executed_lines": [], "summary": {"covered_lines": 0, "num_statements": 2, "percent_covered": 0.0, "percent_covered_display": "0", "missing_lines": 2, "excluded_lines": 0, "percent_statements_covered": 0.0, "percent_statements_covered_display": "0"}, "missing_lines": [19, 20], "excluded_lines": [], "start_line": 17}, "load_config_from_file": {"executed_lines": [], "summary": {"covered_lines": 0, "num_statements": 3, "percent_covered": 0.0, "percent_covered_display": "0", "missing_lines": 3, "excluded_lines": 0, "percent_statements_covered": 0.0, "percent_statements_covered_display": "0"}, "missing_lines": [28, 29, 30], "excluded_lines": [], "start_line": 26}, "save_results": {"executed_lines": [], "summary": {"covered_lines": 0, "num_statements": 24, "percent_covered": 0.0, "percent_covered_display": "0", "missing_lines": 24, "excluded_lines": 0, "percent_statements_covered": 0.0, "percent_statements_covered_display": "0"}, "missing_lines": [35, 37, 38, 39, 40, 41, 42, 44, 45, 46, 47, 48, 50, 51, 52, 53, 54, 55, 57, 58, 59, 60, 61, 62], "excluded_lines": [], "start_line": 33}, "print_progress": {"executed_lines": [], "summary": {"covered_lines": 0, "num_statements": 4, "percent_covered": 0.0, "percent_covered_display": "0", "missing_lines": 4, "excluded_lines": 0, "percent_statements_covered": 0.0, "percent_statements_covered_display": "0"}, "missing_lines": [67, 68, 69, 71], "excluded_lines": [], "start_line": 65}, "build_parser": {"executed_lines": [], "summary": {"covered_lines": 0, "num_statements": 10, "percent_covered": 0.0, "percent_covered_display": "0", "missing_lines": 10, "excluded_lines": 0, "percent_statements_covered": 0.0, "percent_statements_covered_display": "0"}, "missing_lines": [79, 84, 90, 98, 106, 114, 121, 128, 134, 140], "excluded_lines": [], "start_line": 77}, "EvolutionCLI.__init__": {"executed_lines": [], "summary": {"covered_lines": 0, "num_statements": 4, "percent_covered": 0.0, "percent_covered_display": "0", "missing_lines": 4, "excluded_lines": 0, "percent_statements_covered": 0.0, "percent_statements_covered_display": "0"}, "missing_lines": [152, 153, 154, 155], "excluded_lines": [], "start_line": 146}, "EvolutionCLI.run": {"executed_lines": [], "summary": {"covered_lines": 0, "num_statements": 9, "percent_covered": 0.0, "percent_covered_display": "0", "missing_lines": 9, "excluded_lines": 0, "percent_statements_covered": 0.0, "percent_statements_covered_display": "0"}, "missing_lines": [163, 165, 166, 168, 169, 171, 173, 174, 176], "excluded_lines": [], "start_line": 157}, "EvolutionCLI._list_groups": {"executed_lines": [], "summary": {"covered_lines": 0, "num_statements": 5, "percent_covered": 0.0, "percent_covered_display": "0", "missing_lines": 5, "excluded_lines": 0, "percent_statements_covered": 0.0, "percent_statements_covered_display": "0"}, "missing_lines": [180, 181, 182, 183, 184], "excluded_lines": [], "start_line": 178}, "EvolutionCLI._load_config": {"executed_lines": [], "summary": {"covered_lines": 0, "num_statements": 17, "percent_covered": 0.0, "percent_covered_display": "0", "missing_lines": 17, "excluded_lines": 0, "percent_statements_covered": 0.0, "percent_statements_covered_display": "0"}, "missing_lines": [188, 189, 190, 191, 192, 193, 194, 195, 196, 197, 198, 199, 200, 202, 203, 204, 210], "excluded_lines": [], "start_line": 186}, "EvolutionCLI._dry_run": {"executed_lines": [], "summary": {"covered_lines": 0, "num_statements": 15, "percent_covered": 0.0, "percent_covered_display": "0", "missing_lines": 15, "excluded_lines": 0, "percent_statements_covered": 0.0, "percent_statements_covered_display": "0"}, "missing_lines": [214, 215, 216, 217, 218, 219, 220, 221, 222, 223, 224, 225, 226, 227, 228], "excluded_lines": [], "start_line": 212}, "EvolutionCLI._run_evolution": {"executed_lines": [], "summary": {"covered_lines": 0, "num_statements": 31, "percent_covered": 0.0, "percent_covered_display": "0", "missing_lines": 31, "excluded_lines": 0, "percent_statements_covered": 0.0, "percent_statements_covered_display": "0"}, "missing_lines": [232, 233, 234, 235, 236, 237, 238, 239, 241, 242, 243, 244, 245, 247, 248, 255, 256, 257, 258, 260, 261, 262, 263, 264, 266, 267, 268, 270, 272, 273, 274], "excluded_lines": [], "start_line": 230}, "main": {"executed_lines": [], "summary": {"covered_lines": 0, "num_statements": 2, "percent_covered": 0.0, "percent_covered_display": "0", "missing_lines": 2, "excluded_lines": 0, "percent_statements_covered": 0.0, "percent_statements_covered_display": "0"}, "missing_lines": [286, 287], "excluded_lines": [], "start_line": 277}, "": {"executed_lines": [1, 3, 4, 5, 6, 7, 8, 10, 11, 12, 14, 17, 26, 33, 65, 77, 143, 146, 157, 178, 186, 212, 230, 277, 290], "summary": {"covered_lines": 25, "num_statements": 26, "percent_covered": 96.15384615384616, "percent_covered_display": "96", "missing_lines": 1, "excluded_lines": 0, "percent_statements_covered": 96.15384615384616, "percent_statements_covered_display": "96"}, "missing_lines": [291], "excluded_lines": [], "start_line": 1}}, "classes": {"EvolutionCLI": {"executed_lines": [], "summary": {"covered_lines": 0, "num_statements": 81, "percent_covered": 0.0, "percent_covered_display": "0", "missing_lines": 81, "excluded_lines": 0, "percent_statements_covered": 0.0, "percent_statements_covered_display": "0"}, "missing_lines": [152, 153, 154, 155, 163, 165, 166, 168, 169, 171, 173, 174, 176, 180, 181, 182, 183, 184, 188, 189, 190, 191, 192, 193, 194, 195, 196, 197, 198, 199, 200, 202, 203, 204, 210, 214, 215, 216, 217, 218, 219, 220, 221, 222, 223, 224, 225, 226, 227, 228, 232, 233, 234, 235, 236, 237, 238, 239, 241, 242, 243, 244, 245, 247, 248, 255, 256, 257, 258, 260, 261, 262, 263, 264, 266, 267, 268, 270, 272, 273, 274], "excluded_lines": [], "start_line": 143}, "": {"executed_lines": [1, 3, 4, 5, 6, 7, 8, 10, 11, 12, 14, 17, 26, 33, 65, 77, 143, 146, 157, 178, 186, 212, 230, 277, 290], "summary": {"covered_lines": 25, "num_statements": 71, "percent_covered": 35.2112676056338, "percent_covered_display": "35", "missing_lines": 46, "excluded_lines": 0, "percent_statements_covered": 35.2112676056338, "percent_statements_covered_display": "35"}, "missing_lines": [19, 20, 28, 29, 30, 35, 37, 38, 39, 40, 41, 42, 44, 45, 46, 47, 48, 50, 51, 52, 53, 54, 55, 57, 58, 59, 60, 61, 62, 67, 68, 69, 71, 79, 84, 90, 98, 106, 114, 121, 128, 134, 140, 286, 287, 291], "excluded_lines": [], "start_line": 1}}}, "src\\core\\evolution\\config.py": {"executed_lines": [1, 3, 4, 7, 8, 11, 12, 13, 14, 15, 16, 17, 18, 19, 20, 21, 22, 23, 24, 25, 26, 27, 28, 29, 37, 39, 40, 41, 42, 45, 46, 47, 48, 49, 50, 51, 53, 55, 57, 61, 65, 67, 88, 89, 91], "summary": {"covered_lines": 45, "num_statements": 48, "percent_covered": 93.75, "percent_covered_display": "94", "missing_lines": 3, "excluded_lines": 0, "percent_statements_covered": 93.75, "percent_statements_covered_display": "94"}, "missing_lines": [52, 54, 56], "excluded_lines": [], "functions": {"EvolutionConfig.__post_init__": {"executed_lines": [39, 40, 41, 42, 45, 46, 47, 48, 49, 50, 51, 53, 55, 57, 61], "summary": {"covered_lines": 15, "num_statements": 18, "percent_covered": 83.33333333333333, "percent_covered_display": "83", "missing_lines": 3, "excluded_lines": 0, "percent_statements_covered": 83.33333333333333, "percent_statements_covered_display": "83"}, "missing_lines": [52, 54, 56], "excluded_lines": [], "start_line": 37}, "EvolutionConfig.to_dict": {"executed_lines": [67], "summary": {"covered_lines": 1, "num_statements": 1, "percent_covered": 100.0, "percent_covered_display": "100", "missing_lines": 0, "excluded_lines": 0, "percent_statements_covered": 100.0, "percent_statements_covered_display": "100"}, "missing_lines": [], "excluded_lines": [], "start_line": 65}, "EvolutionConfig.from_dict": {"executed_lines": [91], "summary": {"covered_lines": 1, "num_statements": 1, "percent_covered": 100.0, "percent_covered_display": "100", "missing_lines": 0, "excluded_lines": 0, "percent_statements_covered": 100.0, "percent_statements_covered_display": "100"}, "missing_lines": [], "excluded_lines": [], "start_line": 89}, "": {"executed_lines": [1, 3, 4, 7, 8, 11, 12, 13, 14, 15, 16, 17, 18, 19, 20, 21, 22, 23, 24, 25, 26, 27, 28, 29, 37, 65, 88, 89], "summary": {"covered_lines": 28, "num_statements": 28, "percent_covered": 100.0, "percent_covered_display": "100", "missing_lines": 0, "excluded_lines": 0, "percent_statements_covered": 100.0, "percent_statements_covered_display": "100"}, "missing_lines": [], "excluded_lines": [], "start_line": 1}}, "classes": {"EvolutionConfig": {"executed_lines": [39, 40, 41, 42, 45, 46, 47, 48, 49, 50, 51, 53, 55, 57, 61, 67, 91], "summary": {"covered_lines": 17, "num_statements": 20, "percent_covered": 85.0, "percent_covered_display": "85", "missing_lines": 3, "excluded_lines": 0, "percent_statements_covered": 85.0, "percent_statements_covered_display": "85"}, "missing_lines": [52, 54, 56], "excluded_lines": [], "start_line": 8}, "": {"executed_lines": [1, 3, 4, 7, 8, 11, 12, 13, 14, 15, 16, 17, 18, 19, 20, 21, 22, 23, 24, 25, 26, 27, 28, 29, 37, 65, 88, 89], "summary": {"covered_lines": 28, "num_statements": 28, "percent_covered": 100.0, "percent_covered_display": "100", "missing_lines": 0, "excluded_lines": 0, "percent_statements_covered": 100.0, "percent_statements_covered_display": "100"}, "missing_lines": [], "excluded_lines": [], "start_line": 1}}}, "src\\core\\evolution\\evaluator.py": {"executed_lines": [1, 3, 4, 5, 6, 8, 10, 11, 13, 16, 19, 20, 27, 30, 38, 43, 57, 61, 130, 135, 169, 198, 217, 232, 245, 262], "summary": {"covered_lines": 26, "num_statements": 105, "percent_covered": 24.761904761904763, "percent_covered_display": "25", "missing_lines": 79, "excluded_lines": 0, "percent_statements_covered": 24.761904761904763, "percent_statements_covered_display": "25"}, "missing_lines": [24, 34, 35, 51, 52, 53, 54, 55, 59, 63, 64, 66, 68, 69, 70, 82, 84, 85, 86, 98, 99, 100, 102, 103, 109, 113, 132, 133, 139, 140, 141, 142, 143, 144, 146, 148, 149, 150, 154, 155, 156, 167, 173, 175, 176, 178, 179, 180, 184, 185, 187, 189, 190, 192, 202, 203, 205, 209, 210, 212, 213, 215, 221, 222, 224, 230, 236, 237, 239, 240, 241, 243, 247, 248, 250, 251, 256, 257, 259], "excluded_lines": [], "functions": {"SkillExecutor.execute": {"executed_lines": [], "summary": {"covered_lines": 0, "num_statements": 1, "percent_covered": 0.0, "percent_covered_display": "0", "missing_lines": 1, "excluded_lines": 0, "percent_statements_covered": 0.0, "percent_statements_covered_display": "0"}, "missing_lines": [24], "excluded_lines": [], "start_line": 20}, "MockSkillExecutor.execute": {"executed_lines": [], "summary": {"covered_lines": 0, "num_statements": 2, "percent_covered": 0.0, "percent_covered_display": "0", "missing_lines": 2, "excluded_lines": 0, "percent_statements_covered": 0.0, "percent_statements_covered_display": "0"}, "missing_lines": [34, 35], "excluded_lines": [], "start_line": 30}, "SkillFitnessEvaluator.__init__": {"executed_lines": [], "summary": {"covered_lines": 0, "num_statements": 5, "percent_covered": 0.0, "percent_covered_display": "0", "missing_lines": 5, "excluded_lines": 0, "percent_statements_covered": 0.0, "percent_statements_covered_display": "0"}, "missing_lines": [51, 52, 53, 54, 55], "excluded_lines": [], "start_line": 43}, "SkillFitnessEvaluator.set_output_dir": {"executed_lines": [], "summary": {"covered_lines": 0, "num_statements": 1, "percent_covered": 0.0, "percent_covered_display": "0", "missing_lines": 1, "excluded_lines": 0, "percent_statements_covered": 0.0, "percent_statements_covered_display": "0"}, "missing_lines": [59], "excluded_lines": [], "start_line": 57}, "SkillFitnessEvaluator.evaluate": {"executed_lines": [], "summary": {"covered_lines": 0, "num_statements": 17, "percent_covered": 0.0, "percent_covered_display": "0", "missing_lines": 17, "excluded_lines": 0, "percent_statements_covered": 0.0, "percent_statements_covered_display": "0"}, "missing_lines": [63, 64, 66, 68, 69, 70, 82, 84, 85, 86, 98, 99, 100, 102, 103, 109, 113], "excluded_lines": [], "start_line": 61}, "SkillFitnessEvaluator.verify_mutation": {"executed_lines": [], "summary": {"covered_lines": 0, "num_statements": 2, "percent_covered": 0.0, "percent_covered_display": "0", "missing_lines": 2, "excluded_lines": 0, "percent_statements_covered": 0.0, "percent_statements_covered_display": "0"}, "missing_lines": [132, 133], "excluded_lines": [], "start_line": 130}, "SkillFitnessEvaluator._execute_test_cases": {"executed_lines": [], "summary": {"covered_lines": 0, "num_statements": 14, "percent_covered": 0.0, "percent_covered_display": "0", "missing_lines": 14, "excluded_lines": 0, "percent_statements_covered": 0.0, "percent_statements_covered_display": "0"}, "missing_lines": [139, 140, 141, 142, 143, 144, 146, 148, 149, 150, 154, 155, 156, 167], "excluded_lines": [], "start_line": 135}, "SkillFitnessEvaluator._execute_genome": {"executed_lines": [], "summary": {"covered_lines": 0, "num_statements": 12, "percent_covered": 0.0, "percent_covered_display": "0", "missing_lines": 12, "excluded_lines": 0, "percent_statements_covered": 0.0, "percent_statements_covered_display": "0"}, "missing_lines": [173, 175, 176, 178, 179, 180, 184, 185, 187, 189, 190, 192], "excluded_lines": [], "start_line": 169}, "SkillFitnessEvaluator._calculate_performance_score": {"executed_lines": [], "summary": {"covered_lines": 0, "num_statements": 8, "percent_covered": 0.0, "percent_covered_display": "0", "missing_lines": 8, "excluded_lines": 0, "percent_statements_covered": 0.0, "percent_statements_covered_display": "0"}, "missing_lines": [202, 203, 205, 209, 210, 212, 213, 215], "excluded_lines": [], "start_line": 198}, "SkillFitnessEvaluator._calculate_accuracy_score": {"executed_lines": [], "summary": {"covered_lines": 0, "num_statements": 4, "percent_covered": 0.0, "percent_covered_display": "0", "missing_lines": 4, "excluded_lines": 0, "percent_statements_covered": 0.0, "percent_statements_covered_display": "0"}, "missing_lines": [221, 222, 224, 230], "excluded_lines": [], "start_line": 217}, "SkillFitnessEvaluator._calculate_resource_efficiency": {"executed_lines": [], "summary": {"covered_lines": 0, "num_statements": 6, "percent_covered": 0.0, "percent_covered_display": "0", "missing_lines": 6, "excluded_lines": 0, "percent_statements_covered": 0.0, "percent_statements_covered_display": "0"}, "missing_lines": [236, 237, 239, 240, 241, 243], "excluded_lines": [], "start_line": 232}, "SkillFitnessEvaluator._check_output_match": {"executed_lines": [], "summary": {"covered_lines": 0, "num_statements": 7, "percent_covered": 0.0, "percent_covered_display": "0", "missing_lines": 7, "excluded_lines": 0, "percent_statements_covered": 0.0, "percent_statements_covered_display": "0"}, "missing_lines": [247, 248, 250, 251, 256, 257, 259], "excluded_lines": [], "start_line": 245}, "": {"executed_lines": [1, 3, 4, 5, 6, 8, 10, 11, 13, 16, 19, 20, 27, 30, 38, 43, 57, 61, 130, 135, 169, 198, 217, 232, 245, 262], "summary": {"covered_lines": 26, "num_statements": 26, "percent_covered": 100.0, "percent_covered_display": "100", "missing_lines": 0, "excluded_lines": 0, "percent_statements_covered": 100.0, "percent_statements_covered_display": "100"}, "missing_lines": [], "excluded_lines": [], "start_line": 1}}, "classes": {"SkillExecutor": {"executed_lines": [], "summary": {"covered_lines": 0, "num_statements": 1, "percent_covered": 0.0, "percent_covered_display": "0", "missing_lines": 1, "excluded_lines": 0, "percent_statements_covered": 0.0, "percent_statements_covered_display": "0"}, "missing_lines": [24], "excluded_lines": [], "start_line": 16}, "MockSkillExecutor": {"executed_lines": [], "summary": {"covered_lines": 0, "num_statements": 2, "percent_covered": 0.0, "percent_covered_display": "0", "missing_lines": 2, "excluded_lines": 0, "percent_statements_covered": 0.0, "percent_statements_covered_display": "0"}, "missing_lines": [34, 35], "excluded_lines": [], "start_line": 27}, "SkillFitnessEvaluator": {"executed_lines": [], "summary": {"covered_lines": 0, "num_statements": 76, "percent_covered": 0.0, "percent_covered_display": "0", "missing_lines": 76, "excluded_lines": 0, "percent_statements_covered": 0.0, "percent_statements_covered_display": "0"}, "missing_lines": [51, 52, 53, 54, 55, 59, 63, 64, 66, 68, 69, 70, 82, 84, 85, 86, 98, 99, 100, 102, 103, 109, 113, 132, 133, 139, 140, 141, 142, 143, 144, 146, 148, 149, 150, 154, 155, 156, 167, 173, 175, 176, 178, 179, 180, 184, 185, 187, 189, 190, 192, 202, 203, 205, 209, 210, 212, 213, 215, 221, 222, 224, 230, 236, 237, 239, 240, 241, 243, 247, 248, 250, 251, 256, 257, 259], "excluded_lines": [], "start_line": 38}, "": {"executed_lines": [1, 3, 4, 5, 6, 8, 10, 11, 13, 16, 19, 20, 27, 30, 38, 43, 57, 61, 130, 135, 169, 198, 217, 232, 245, 262], "summary": {"covered_lines": 26, "num_statements": 26, "percent_covered": 100.0, "percent_covered_display": "100", "missing_lines": 0, "excluded_lines": 0, "percent_statements_covered": 100.0, "percent_statements_covered_display": "100"}, "missing_lines": [], "excluded_lines": [], "start_line": 1}}}, "src\\core\\evolution\\evolvable_skill_groups.py": {"executed_lines": [1, 3, 4, 6, 9, 10, 13, 14, 15, 16, 17, 18, 23, 299, 304, 309], "summary": {"covered_lines": 16, "num_statements": 26, "percent_covered": 61.53846153846154, "percent_covered_display": "62", "missing_lines": 10, "excluded_lines": 0, "percent_statements_covered": 61.53846153846154, "percent_statements_covered_display": "62"}, "missing_lines": [301, 306, 325, 326, 327, 329, 331, 332, 333, 335], "excluded_lines": [], "functions": {"get_evolvable_group": {"executed_lines": [], "summary": {"covered_lines": 0, "num_statements": 1, "percent_covered": 0.0, "percent_covered_display": "0", "missing_lines": 1, "excluded_lines": 0, "percent_statements_covered": 0.0, "percent_statements_covered_display": "0"}, "missing_lines": [301], "excluded_lines": [], "start_line": 299}, "list_evolvable_groups": {"executed_lines": [], "summary": {"covered_lines": 0, "num_statements": 1, "percent_covered": 0.0, "percent_covered_display": "0", "missing_lines": 1, "excluded_lines": 0, "percent_statements_covered": 0.0, "percent_statements_covered_display": "0"}, "missing_lines": [306], "excluded_lines": [], "start_line": 304}, "create_genome_for_group": {"executed_lines": [], "summary": {"covered_lines": 0, "num_statements": 8, "percent_covered": 0.0, "percent_covered_display": "0", "missing_lines": 8, "excluded_lines": 0, "percent_statements_covered": 0.0, "percent_statements_covered_display": "0"}, "missing_lines": [325, 326, 327, 329, 331, 332, 333, 335], "excluded_lines": [], "start_line": 309}, "": {"executed_lines": [1, 3, 4, 6, 9, 10, 13, 14, 15, 16, 17, 18, 23, 299, 304, 309], "summary": {"covered_lines": 16, "num_statements": 16, "percent_covered": 100.0, "percent_covered_display": "100", "missing_lines": 0, "excluded_lines": 0, "percent_statements_covered": 100.0, "percent_statements_covered_display": "100"}, "missing_lines": [], "excluded_lines": [], "start_line": 1}}, "classes": {"EvolableSkillGroup": {"executed_lines": [], "summary": {"covered_lines": 0, "num_statements": 0, "percent_covered": 100.0, "percent_covered_display": "100", "missing_lines": 0, "excluded_lines": 0, "percent_statements_covered": 100.0, "percent_statements_covered_display": "100"}, "missing_lines": [], "excluded_lines": [], "start_line": 10}, "": {"executed_lines": [1, 3, 4, 6, 9, 10, 13, 14, 15, 16, 17, 18, 23, 299, 304, 309], "summary": {"covered_lines": 16, "num_statements": 26, "percent_covered": 61.53846153846154, "percent_covered_display": "62", "missing_lines": 10, "excluded_lines": 0, "percent_statements_covered": 61.53846153846154, "percent_statements_covered_display": "62"}, "missing_lines": [301, 306, 325, 326, 327, 329, 331, 332, 333, 335], "excluded_lines": [], "start_line": 1}}}, "src\\core\\evolution\\evolver.py": {"executed_lines": [1, 3, 4, 5, 6, 7, 8, 10, 11, 16, 18, 19, 20, 21, 22, 24, 27, 30, 56, 73, 104, 136, 180, 192, 203, 214, 237, 238, 242, 243, 248], "summary": {"covered_lines": 31, "num_statements": 115, "percent_covered": 26.956521739130434, "percent_covered_display": "27", "missing_lines": 84, "excluded_lines": 0, "percent_statements_covered": 26.956521739130434, "percent_statements_covered_display": "27"}, "missing_lines": [38, 39, 40, 42, 43, 45, 46, 47, 49, 51, 52, 53, 54, 58, 60, 61, 62, 63, 64, 65, 66, 71, 75, 77, 79, 85, 86, 88, 90, 102, 107, 109, 110, 111, 112, 114, 115, 121, 122, 123, 125, 126, 127, 128, 129, 130, 132, 140, 142, 143, 145, 147, 148, 150, 155, 157, 158, 160, 161, 163, 170, 174, 175, 177, 178, 182, 184, 194, 205, 207, 209, 210, 212, 216, 218, 220, 232, 233, 235, 240, 245, 255, 257, 261], "excluded_lines": [], "functions": {"SkillEvolver.__init__": {"executed_lines": [], "summary": {"covered_lines": 0, "num_statements": 13, "percent_covered": 0.0, "percent_covered_display": "0", "missing_lines": 13, "excluded_lines": 0, "percent_statements_covered": 0.0, "percent_statements_covered_display": "0"}, "missing_lines": [38, 39, 40, 42, 43, 45, 46, 47, 49, 51, 52, 53, 54], "excluded_lines": [], "start_line": 30}, "SkillEvolver._setup_learning_log_view": {"executed_lines": [], "summary": {"covered_lines": 0, "num_statements": 9, "percent_covered": 0.0, "percent_covered_display": "0", "missing_lines": 9, "excluded_lines": 0, "percent_statements_covered": 0.0, "percent_statements_covered_display": "0"}, "missing_lines": [58, 60, 61, 62, 63, 64, 65, 66, 71], "excluded_lines": [], "start_line": 56}, "SkillEvolver.initialize": {"executed_lines": [], "summary": {"covered_lines": 0, "num_statements": 8, "percent_covered": 0.0, "percent_covered_display": "0", "missing_lines": 8, "excluded_lines": 0, "percent_statements_covered": 0.0, "percent_statements_covered_display": "0"}, "missing_lines": [75, 77, 79, 85, 86, 88, 90, 102], "excluded_lines": [], "start_line": 73}, "SkillEvolver._populate_initial_population": {"executed_lines": [], "summary": {"covered_lines": 0, "num_statements": 17, "percent_covered": 0.0, "percent_covered_display": "0", "missing_lines": 17, "excluded_lines": 0, "percent_statements_covered": 0.0, "percent_statements_covered_display": "0"}, "missing_lines": [107, 109, 110, 111, 112, 114, 115, 121, 122, 123, 125, 126, 127, 128, 129, 130, 132], "excluded_lines": [], "start_line": 104}, "SkillEvolver.run": {"executed_lines": [], "summary": {"covered_lines": 0, "num_statements": 18, "percent_covered": 0.0, "percent_covered_display": "0", "missing_lines": 18, "excluded_lines": 0, "percent_statements_covered": 0.0, "percent_statements_covered_display": "0"}, "missing_lines": [140, 142, 143, 145, 147, 148, 150, 155, 157, 158, 160, 161, 163, 170, 174, 175, 177, 178], "excluded_lines": [], "start_line": 136}, "SkillEvolver._create_snapshot": {"executed_lines": [], "summary": {"covered_lines": 0, "num_statements": 2, "percent_covered": 0.0, "percent_covered_display": "0", "missing_lines": 2, "excluded_lines": 0, "percent_statements_covered": 0.0, "percent_statements_covered_display": "0"}, "missing_lines": [182, 184], "excluded_lines": [], "start_line": 180}, "SkillEvolver._serialize_genome": {"executed_lines": [], "summary": {"covered_lines": 0, "num_statements": 1, "percent_covered": 0.0, "percent_covered_display": "0", "missing_lines": 1, "excluded_lines": 0, "percent_statements_covered": 0.0, "percent_statements_covered_display": "0"}, "missing_lines": [194], "excluded_lines": [], "start_line": 192}, "SkillEvolver._save_snapshot": {"executed_lines": [], "summary": {"covered_lines": 0, "num_statements": 5, "percent_covered": 0.0, "percent_covered_display": "0", "missing_lines": 5, "excluded_lines": 0, "percent_statements_covered": 0.0, "percent_statements_covered_display": "0"}, "missing_lines": [205, 207, 209, 210, 212], "excluded_lines": [], "start_line": 203}, "SkillEvolver._save_final_results": {"executed_lines": [], "summary": {"covered_lines": 0, "num_statements": 6, "percent_covered": 0.0, "percent_covered_display": "0", "missing_lines": 6, "excluded_lines": 0, "percent_statements_covered": 0.0, "percent_statements_covered_display": "0"}, "missing_lines": [216, 218, 220, 232, 233, 235], "excluded_lines": [], "start_line": 214}, "SkillEvolver.population": {"executed_lines": [], "summary": {"covered_lines": 0, "num_statements": 1, "percent_covered": 0.0, "percent_covered_display": "0", "missing_lines": 1, "excluded_lines": 0, "percent_statements_covered": 0.0, "percent_statements_covered_display": "0"}, "missing_lines": [240], "excluded_lines": [], "start_line": 238}, "SkillEvolver.statistics": {"executed_lines": [], "summary": {"covered_lines": 0, "num_statements": 1, "percent_covered": 0.0, "percent_covered_display": "0", "missing_lines": 1, "excluded_lines": 0, "percent_statements_covered": 0.0, "percent_statements_covered_display": "0"}, "missing_lines": [245], "excluded_lines": [], "start_line": 243}, "create_skill_evolver": {"executed_lines": [], "summary": {"covered_lines": 0, "num_statements": 3, "percent_covered": 0.0, "percent_covered_display": "0", "missing_lines": 3, "excluded_lines": 0, "percent_statements_covered": 0.0, "percent_statements_covered_display": "0"}, "missing_lines": [255, 257, 261], "excluded_lines": [], "start_line": 248}, "": {"executed_lines": [1, 3, 4, 5, 6, 7, 8, 10, 11, 16, 18, 19, 20, 21, 22, 24, 27, 30, 56, 73, 104, 136, 180, 192, 203, 214, 237, 238, 242, 243, 248], "summary": {"covered_lines": 31, "num_statements": 31, "percent_covered": 100.0, "percent_covered_display": "100", "missing_lines": 0, "excluded_lines": 0, "percent_statements_covered": 100.0, "percent_statements_covered_display": "100"}, "missing_lines": [], "excluded_lines": [], "start_line": 1}}, "classes": {"SkillEvolver": {"executed_lines": [], "summary": {"covered_lines": 0, "num_statements": 81, "percent_covered": 0.0, "percent_covered_display": "0", "missing_lines": 81, "excluded_lines": 0, "percent_statements_covered": 0.0, "percent_statements_covered_display": "0"}, "missing_lines": [38, 39, 40, 42, 43, 45, 46, 47, 49, 51, 52, 53, 54, 58, 60, 61, 62, 63, 64, 65, 66, 71, 75, 77, 79, 85, 86, 88, 90, 102, 107, 109, 110, 111, 112, 114, 115, 121, 122, 123, 125, 126, 127, 128, 129, 130, 132, 140, 142, 143, 145, 147, 148, 150, 155, 157, 158, 160, 161, 163, 170, 174, 175, 177, 178, 182, 184, 194, 205, 207, 209, 210, 212, 216, 218, 220, 232, 233, 235, 240, 245], "excluded_lines": [], "start_line": 27}, "": {"executed_lines": [1, 3, 4, 5, 6, 7, 8, 10, 11, 16, 18, 19, 20, 21, 22, 24, 27, 30, 56, 73, 104, 136, 180, 192, 203, 214, 237, 238, 242, 243, 248], "summary": {"covered_lines": 31, "num_statements": 34, "percent_covered": 91.17647058823529, "percent_covered_display": "91", "missing_lines": 3, "excluded_lines": 0, "percent_statements_covered": 91.17647058823529, "percent_statements_covered_display": "91"}, "missing_lines": [255, 257, 261], "excluded_lines": [], "start_line": 1}}}, "src\\core\\evolution\\genome.py": {"executed_lines": [1, 3, 4, 6, 9, 12, 14, 15, 16, 19, 22, 25, 29, 34, 37, 39, 40, 44, 47, 50, 53, 56, 59, 63, 73, 74, 76, 78, 79, 83, 87, 88, 90, 91, 93, 94, 95, 96, 102, 105, 108, 110, 111, 112, 113, 114, 115, 117, 120, 123, 126, 130, 134, 137, 142, 143, 144, 153, 155, 157, 159, 161, 163, 164, 165, 170, 171, 172, 173, 176, 182, 184], "summary": {"covered_lines": 72, "num_statements": 80, "percent_covered": 90.0, "percent_covered_display": "90", "missing_lines": 8, "excluded_lines": 0, "percent_statements_covered": 90.0, "percent_statements_covered_display": "90"}, "missing_lines": [67, 68, 69, 81, 97, 98, 100, 146], "excluded_lines": [], "functions": {"SkillFitnessResult.sample_trainable_failure_cases": {"executed_lines": [], "summary": {"covered_lines": 0, "num_statements": 3, "percent_covered": 0.0, "percent_covered_display": "0", "missing_lines": 3, "excluded_lines": 0, "percent_statements_covered": 0.0, "percent_statements_covered_display": "0"}, "missing_lines": [67, 68, 69], "excluded_lines": [], "start_line": 63}, "SkillFitnessResult.failure_type_weights": {"executed_lines": [76], "summary": {"covered_lines": 1, "num_statements": 1, "percent_covered": 100.0, "percent_covered_display": "100", "missing_lines": 0, "excluded_lines": 0, "percent_statements_covered": 100.0, "percent_statements_covered_display": "100"}, "missing_lines": [], "excluded_lines": [], "start_line": 74}, "SkillFitnessResult.failure_cases": {"executed_lines": [], "summary": {"covered_lines": 0, "num_statements": 1, "percent_covered": 0.0, "percent_covered_display": "0", "missing_lines": 1, "excluded_lines": 0, "percent_statements_covered": 0.0, "percent_statements_covered_display": "0"}, "missing_lines": [81], "excluded_lines": [], "start_line": 79}, "SkillFitnessResult.format_observed_outcome": {"executed_lines": [87, 88, 90, 91, 93, 94, 95, 96, 102], "summary": {"covered_lines": 9, "num_statements": 12, "percent_covered": 75.0, "percent_covered_display": "75", "missing_lines": 3, "excluded_lines": 0, "percent_statements_covered": 75.0, "percent_statements_covered_display": "75"}, "missing_lines": [97, 98, 100], "excluded_lines": [], "start_line": 83}, "SkillGenome.visualizer_props": {"executed_lines": [], "summary": {"covered_lines": 0, "num_statements": 1, "percent_covered": 0.0, "percent_covered_display": "0", "missing_lines": 1, "excluded_lines": 0, "percent_statements_covered": 0.0, "percent_statements_covered_display": "0"}, "missing_lines": [146], "excluded_lines": [], "start_line": 144}, "SkillGenome.get_skill_count": {"executed_lines": [155], "summary": {"covered_lines": 1, "num_statements": 1, "percent_covered": 100.0, "percent_covered_display": "100", "missing_lines": 0, "excluded_lines": 0, "percent_statements_covered": 100.0, "percent_statements_covered_display": "100"}, "missing_lines": [], "excluded_lines": [], "start_line": 153}, "SkillGenome.get_parameter_count": {"executed_lines": [159], "summary": {"covered_lines": 1, "num_statements": 1, "percent_covered": 100.0, "percent_covered_display": "100", "missing_lines": 0, "excluded_lines": 0, "percent_statements_covered": 100.0, "percent_statements_covered_display": "100"}, "missing_lines": [], "excluded_lines": [], "start_line": 157}, "SkillGenome.is_valid": {"executed_lines": [163, 164, 165, 170, 171, 172, 173], "summary": {"covered_lines": 7, "num_statements": 7, "percent_covered": 100.0, "percent_covered_display": "100", "missing_lines": 0, "excluded_lines": 0, "percent_statements_covered": 100.0, "percent_statements_covered_display": "100"}, "missing_lines": [], "excluded_lines": [], "start_line": 161}, "create_initial_genome": {"executed_lines": [182, 184], "summary": {"covered_lines": 2, "num_statements": 2, "percent_covered": 100.0, "percent_covered_display": "100", "missing_lines": 0, "excluded_lines": 0, "percent_statements_covered": 100.0, "percent_statements_covered_display": "100"}, "missing_lines": [], "excluded_lines": [], "start_line": 176}, "": {"executed_lines": [1, 3, 4, 6, 9, 12, 14, 15, 16, 19, 22, 25, 29, 34, 37, 39, 40, 44, 47, 50, 53, 56, 59, 63, 73, 74, 78, 79, 83, 105, 108, 110, 111, 112, 113, 114, 115, 117, 120, 123, 126, 130, 134, 137, 142, 143, 144, 153, 157, 161, 176], "summary": {"covered_lines": 51, "num_statements": 51, "percent_covered": 100.0, "percent_covered_display": "100", "missing_lines": 0, "excluded_lines": 0, "percent_statements_covered": 100.0, "percent_statements_covered_display": "100"}, "missing_lines": [], "excluded_lines": [], "start_line": 1}}, "classes": {"SkillFailureCase": {"executed_lines": [], "summary": {"covered_lines": 0, "num_statements": 0, "percent_covered": 100.0, "percent_covered_display": "100", "missing_lines": 0, "excluded_lines": 0, "percent_statements_covered": 100.0, "percent_statements_covered_display": "100"}, "missing_lines": [], "excluded_lines": [], "start_line": 9}, "SkillFitnessResult": {"executed_lines": [76, 87, 88, 90, 91, 93, 94, 95, 96, 102], "summary": {"covered_lines": 10, "num_statements": 17, "percent_covered": 58.8235294117647, "percent_covered_display": "59", "missing_lines": 7, "excluded_lines": 0, "percent_statements_covered": 58.8235294117647, "percent_statements_covered_display": "59"}, "missing_lines": [67, 68, 69, 81, 97, 98, 100], "excluded_lines": [], "start_line": 34}, "SkillGenome": {"executed_lines": [155, 159, 163, 164, 165, 170, 171, 172, 173], "summary": {"covered_lines": 9, "num_statements": 10, "percent_covered": 90.0, "percent_covered_display": "90", "missing_lines": 1, "excluded_lines": 0, "percent_statements_covered": 90.0, "percent_statements_covered_display": "90"}, "missing_lines": [146], "excluded_lines": [], "start_line": 105}, "": {"executed_lines": [1, 3, 4, 6, 9, 12, 14, 15, 16, 19, 22, 25, 29, 34, 37, 39, 40, 44, 47, 50, 53, 56, 59, 63, 73, 74, 78, 79, 83, 105, 108, 110, 111, 112, 113, 114, 115, 117, 120, 123, 126, 130, 134, 137, 142, 143, 144, 153, 157, 161, 176, 182, 184], "summary": {"covered_lines": 53, "num_statements": 53, "percent_covered": 100.0, "percent_covered_display": "100", "missing_lines": 0, "excluded_lines": 0, "percent_statements_covered": 100.0, "percent_statements_covered_display": "100"}, "missing_lines": [], "excluded_lines": [], "start_line": 1}}}, "src\\core\\evolution\\mutator.py": {"executed_lines": [1, 3, 4, 5, 7, 8, 9, 11, 13, 16, 19, 56, 62, 63, 67, 84, 105, 141, 150, 183, 213, 216, 220, 221, 224, 272, 275, 277, 280, 281, 284], "summary": {"covered_lines": 31, "num_statements": 115, "percent_covered": 26.956521739130434, "percent_covered_display": "27", "missing_lines": 84, "excluded_lines": 0, "percent_statements_covered": 26.956521739130434, "percent_statements_covered_display": "27"}, "missing_lines": [57, 58, 59, 60, 65, 74, 75, 76, 78, 79, 80, 81, 82, 91, 95, 97, 98, 99, 100, 101, 102, 103, 112, 113, 114, 124, 125, 126, 130, 143, 144, 145, 146, 148, 154, 155, 178, 179, 180, 181, 187, 188, 190, 191, 192, 193, 194, 195, 196, 198, 210, 217, 218, 222, 231, 232, 234, 236, 238, 240, 241, 242, 244, 246, 247, 248, 249, 250, 251, 252, 253, 255, 257, 269, 278, 282, 291, 293, 296, 298, 299, 300, 302, 314], "excluded_lines": [], "functions": {"LLMMutator.__init__": {"executed_lines": [], "summary": {"covered_lines": 0, "num_statements": 4, "percent_covered": 0.0, "percent_covered_display": "0", "missing_lines": 4, "excluded_lines": 0, "percent_statements_covered": 0.0, "percent_statements_covered_display": "0"}, "missing_lines": [57, 58, 59, 60], "excluded_lines": [], "start_line": 56}, "LLMMutator.supports_batch_mutation": {"executed_lines": [], "summary": {"covered_lines": 0, "num_statements": 1, "percent_covered": 0.0, "percent_covered_display": "0", "missing_lines": 1, "excluded_lines": 0, "percent_statements_covered": 0.0, "percent_statements_covered_display": "0"}, "missing_lines": [65], "excluded_lines": [], "start_line": 63}, "LLMMutator.mutate": {"executed_lines": [], "summary": {"covered_lines": 0, "num_statements": 8, "percent_covered": 0.0, "percent_covered_display": "0", "missing_lines": 8, "excluded_lines": 0, "percent_statements_covered": 0.0, "percent_statements_covered_display": "0"}, "missing_lines": [74, 75, 76, 78, 79, 80, 81, 82], "excluded_lines": [], "start_line": 67}, "LLMMutator._llm_mutate": {"executed_lines": [], "summary": {"covered_lines": 0, "num_statements": 9, "percent_covered": 0.0, "percent_covered_display": "0", "missing_lines": 9, "excluded_lines": 0, "percent_statements_covered": 0.0, "percent_statements_covered_display": "0"}, "missing_lines": [91, 95, 97, 98, 99, 100, 101, 102, 103], "excluded_lines": [], "start_line": 84}, "LLMMutator._build_mutation_prompt": {"executed_lines": [], "summary": {"covered_lines": 0, "num_statements": 7, "percent_covered": 0.0, "percent_covered_display": "0", "missing_lines": 7, "excluded_lines": 0, "percent_statements_covered": 0.0, "percent_statements_covered_display": "0"}, "missing_lines": [112, 113, 114, 124, 125, 126, 130], "excluded_lines": [], "start_line": 105}, "LLMMutator._call_llm": {"executed_lines": [], "summary": {"covered_lines": 0, "num_statements": 5, "percent_covered": 0.0, "percent_covered_display": "0", "missing_lines": 5, "excluded_lines": 0, "percent_statements_covered": 0.0, "percent_statements_covered_display": "0"}, "missing_lines": [143, 144, 145, 146, 148], "excluded_lines": [], "start_line": 141}, "LLMMutator._parse_llm_response": {"executed_lines": [], "summary": {"covered_lines": 0, "num_statements": 6, "percent_covered": 0.0, "percent_covered_display": "0", "missing_lines": 6, "excluded_lines": 0, "percent_statements_covered": 0.0, "percent_statements_covered_display": "0"}, "missing_lines": [154, 155, 178, 179, 180, 181], "excluded_lines": [], "start_line": 150}, "LLMMutator._fallback_mutate": {"executed_lines": [], "summary": {"covered_lines": 0, "num_statements": 11, "percent_covered": 0.0, "percent_covered_display": "0", "missing_lines": 11, "excluded_lines": 0, "percent_statements_covered": 0.0, "percent_statements_covered_display": "0"}, "missing_lines": [187, 188, 190, 191, 192, 193, 194, 195, 196, 198, 210], "excluded_lines": [], "start_line": 183}, "ParameterTuningMutator.__init__": {"executed_lines": [], "summary": {"covered_lines": 0, "num_statements": 2, "percent_covered": 0.0, "percent_covered_display": "0", "missing_lines": 2, "excluded_lines": 0, "percent_statements_covered": 0.0, "percent_statements_covered_display": "0"}, "missing_lines": [217, 218], "excluded_lines": [], "start_line": 216}, "ParameterTuningMutator.supports_batch_mutation": {"executed_lines": [], "summary": {"covered_lines": 0, "num_statements": 1, "percent_covered": 0.0, "percent_covered_display": "0", "missing_lines": 1, "excluded_lines": 0, "percent_statements_covered": 0.0, "percent_statements_covered_display": "0"}, "missing_lines": [222], "excluded_lines": [], "start_line": 221}, "ParameterTuningMutator.mutate": {"executed_lines": [], "summary": {"covered_lines": 0, "num_statements": 20, "percent_covered": 0.0, "percent_covered_display": "0", "missing_lines": 20, "excluded_lines": 0, "percent_statements_covered": 0.0, "percent_statements_covered_display": "0"}, "missing_lines": [231, 232, 234, 236, 238, 240, 241, 242, 244, 246, 247, 248, 249, 250, 251, 252, 253, 255, 257, 269], "excluded_lines": [], "start_line": 224}, "StructureMutationMutator.__init__": {"executed_lines": [], "summary": {"covered_lines": 0, "num_statements": 1, "percent_covered": 0.0, "percent_covered_display": "0", "missing_lines": 1, "excluded_lines": 0, "percent_statements_covered": 0.0, "percent_statements_covered_display": "0"}, "missing_lines": [278], "excluded_lines": [], "start_line": 277}, "StructureMutationMutator.supports_batch_mutation": {"executed_lines": [], "summary": {"covered_lines": 0, "num_statements": 1, "percent_covered": 0.0, "percent_covered_display": "0", "missing_lines": 1, "excluded_lines": 0, "percent_statements_covered": 0.0, "percent_statements_covered_display": "0"}, "missing_lines": [282], "excluded_lines": [], "start_line": 281}, "StructureMutationMutator.mutate": {"executed_lines": [], "summary": {"covered_lines": 0, "num_statements": 8, "percent_covered": 0.0, "percent_covered_display": "0", "missing_lines": 8, "excluded_lines": 0, "percent_statements_covered": 0.0, "percent_statements_covered_display": "0"}, "missing_lines": [291, 293, 296, 298, 299, 300, 302, 314], "excluded_lines": [], "start_line": 284}, "": {"executed_lines": [1, 3, 4, 5, 7, 8, 9, 11, 13, 16, 19, 56, 62, 63, 67, 84, 105, 141, 150, 183, 213, 216, 220, 221, 224, 272, 275, 277, 280, 281, 284], "summary": {"covered_lines": 31, "num_statements": 31, "percent_covered": 100.0, "percent_covered_display": "100", "missing_lines": 0, "excluded_lines": 0, "percent_statements_covered": 100.0, "percent_statements_covered_display": "100"}, "missing_lines": [], "excluded_lines": [], "start_line": 1}}, "classes": {"LLMMutator": {"executed_lines": [], "summary": {"covered_lines": 0, "num_statements": 51, "percent_covered": 0.0, "percent_covered_display": "0", "missing_lines": 51, "excluded_lines": 0, "percent_statements_covered": 0.0, "percent_statements_covered_display": "0"}, "missing_lines": [57, 58, 59, 60, 65, 74, 75, 76, 78, 79, 80, 81, 82, 91, 95, 97, 98, 99, 100, 101, 102, 103, 112, 113, 114, 124, 125, 126, 130, 143, 144, 145, 146, 148, 154, 155, 178, 179, 180, 181, 187, 188, 190, 191, 192, 193, 194, 195, 196, 198, 210], "excluded_lines": [], "start_line": 16}, "ParameterTuningMutator": {"executed_lines": [], "summary": {"covered_lines": 0, "num_statements": 23, "percent_covered": 0.0, "percent_covered_display": "0", "missing_lines": 23, "excluded_lines": 0, "percent_statements_covered": 0.0, "percent_statements_covered_display": "0"}, "missing_lines": [217, 218, 222, 231, 232, 234, 236, 238, 240, 241, 242, 244, 246, 247, 248, 249, 250, 251, 252, 253, 255, 257, 269], "excluded_lines": [], "start_line": 213}, "StructureMutationMutator": {"executed_lines": [], "summary": {"covered_lines": 0, "num_statements": 10, "percent_covered": 0.0, "percent_covered_display": "0", "missing_lines": 10, "excluded_lines": 0, "percent_statements_covered": 0.0, "percent_statements_covered_display": "0"}, "missing_lines": [278, 282, 291, 293, 296, 298, 299, 300, 302, 314], "excluded_lines": [], "start_line": 272}, "": {"executed_lines": [1, 3, 4, 5, 7, 8, 9, 11, 13, 16, 19, 56, 62, 63, 67, 84, 105, 141, 150, 183, 213, 216, 220, 221, 224, 272, 275, 277, 280, 281, 284], "summary": {"covered_lines": 31, "num_statements": 31, "percent_covered": 100.0, "percent_covered_display": "100", "missing_lines": 0, "excluded_lines": 0, "percent_statements_covered": 100.0, "percent_statements_covered_display": "100"}, "missing_lines": [], "excluded_lines": [], "start_line": 1}}}, "src\\core\\evolution\\population.py": {"executed_lines": [1, 3, 4, 6, 10, 11, 14, 17, 34, 35, 47, 53, 66, 69, 75, 82, 96], "summary": {"covered_lines": 17, "num_statements": 46, "percent_covered": 36.95652173913044, "percent_covered_display": "37", "missing_lines": 29, "excluded_lines": 0, "percent_statements_covered": 36.95652173913044, "percent_statements_covered_display": "37"}, "missing_lines": [23, 25, 39, 40, 42, 43, 45, 49, 50, 51, 55, 70, 71, 72, 73, 77, 78, 79, 80, 84, 85, 87, 89, 90, 92, 94, 98, 99, 101], "excluded_lines": [], "functions": {"SkillPopulation.__init__": {"executed_lines": [], "summary": {"covered_lines": 0, "num_statements": 2, "percent_covered": 0.0, "percent_covered_display": "0", "missing_lines": 2, "excluded_lines": 0, "percent_statements_covered": 0.0, "percent_statements_covered_display": "0"}, "missing_lines": [23, 25], "excluded_lines": [], "start_line": 17}, "SkillPopulation.from_snapshot": {"executed_lines": [], "summary": {"covered_lines": 0, "num_statements": 5, "percent_covered": 0.0, "percent_covered_display": "0", "missing_lines": 5, "excluded_lines": 0, "percent_statements_covered": 0.0, "percent_statements_covered_display": "0"}, "missing_lines": [39, 40, 42, 43, 45], "excluded_lines": [], "start_line": 35}, "SkillPopulation.snapshot": {"executed_lines": [], "summary": {"covered_lines": 0, "num_statements": 3, "percent_covered": 0.0, "percent_covered_display": "0", "missing_lines": 3, "excluded_lines": 0, "percent_statements_covered": 0.0, "percent_statements_covered_display": "0"}, "missing_lines": [49, 50, 51], "excluded_lines": [], "start_line": 47}, "SkillPopulation.get_statistics": {"executed_lines": [], "summary": {"covered_lines": 0, "num_statements": 1, "percent_covered": 0.0, "percent_covered_display": "0", "missing_lines": 1, "excluded_lines": 0, "percent_statements_covered": 0.0, "percent_statements_covered_display": "0"}, "missing_lines": [55], "excluded_lines": [], "start_line": 53}, "EvolutionStatistics.__init__": {"executed_lines": [], "summary": {"covered_lines": 0, "num_statements": 4, "percent_covered": 0.0, "percent_covered_display": "0", "missing_lines": 4, "excluded_lines": 0, "percent_statements_covered": 0.0, "percent_statements_covered_display": "0"}, "missing_lines": [70, 71, 72, 73], "excluded_lines": [], "start_line": 69}, "EvolutionStatistics.record_iteration": {"executed_lines": [], "summary": {"covered_lines": 0, "num_statements": 4, "percent_covered": 0.0, "percent_covered_display": "0", "missing_lines": 4, "excluded_lines": 0, "percent_statements_covered": 0.0, "percent_statements_covered_display": "0"}, "missing_lines": [77, 78, 79, 80], "excluded_lines": [], "start_line": 75}, "EvolutionStatistics.should_stop": {"executed_lines": [], "summary": {"covered_lines": 0, "num_statements": 7, "percent_covered": 0.0, "percent_covered_display": "0", "missing_lines": 7, "excluded_lines": 0, "percent_statements_covered": 0.0, "percent_statements_covered_display": "0"}, "missing_lines": [84, 85, 87, 89, 90, 92, 94], "excluded_lines": [], "start_line": 82}, "EvolutionStatistics.get_summary": {"executed_lines": [], "summary": {"covered_lines": 0, "num_statements": 3, "percent_covered": 0.0, "percent_covered_display": "0", "missing_lines": 3, "excluded_lines": 0, "percent_statements_covered": 0.0, "percent_statements_covered_display": "0"}, "missing_lines": [98, 99, 101], "excluded_lines": [], "start_line": 96}, "": {"executed_lines": [1, 3, 4, 6, 10, 11, 14, 17, 34, 35, 47, 53, 66, 69, 75, 82, 96], "summary": {"covered_lines": 17, "num_statements": 17, "percent_covered": 100.0, "percent_covered_display": "100", "missing_lines": 0, "excluded_lines": 0, "percent_statements_covered": 100.0, "percent_statements_covered_display": "100"}, "missing_lines": [], "excluded_lines": [], "start_line": 1}}, "classes": {"SkillPopulation": {"executed_lines": [], "summary": {"covered_lines": 0, "num_statements": 11, "percent_covered": 0.0, "percent_covered_display": "0", "missing_lines": 11, "excluded_lines": 0, "percent_statements_covered": 0.0, "percent_statements_covered_display": "0"}, "missing_lines": [23, 25, 39, 40, 42, 43, 45, 49, 50, 51, 55], "excluded_lines": [], "start_line": 14}, "EvolutionStatistics": {"executed_lines": [], "summary": {"covered_lines": 0, "num_statements": 18, "percent_covered": 0.0, "percent_covered_display": "0", "missing_lines": 18, "excluded_lines": 0, "percent_statements_covered": 0.0, "percent_statements_covered_display": "0"}, "missing_lines": [70, 71, 72, 73, 77, 78, 79, 80, 84, 85, 87, 89, 90, 92, 94, 98, 99, 101], "excluded_lines": [], "start_line": 66}, "": {"executed_lines": [1, 3, 4, 6, 10, 11, 14, 17, 34, 35, 47, 53, 66, 69, 75, 82, 96], "summary": {"covered_lines": 17, "num_statements": 17, "percent_covered": 100.0, "percent_covered_display": "100", "missing_lines": 0, "excluded_lines": 0, "percent_statements_covered": 100.0, "percent_statements_covered_display": "100"}, "missing_lines": [], "excluded_lines": [], "start_line": 1}}}, "src\\core\\evolution\\runner.py": {"executed_lines": [1, 3, 4, 5, 6, 8, 9, 10, 16, 17, 19, 22, 25, 27, 50, 57, 86, 87, 91, 92, 96, 136, 155, 166, 178, 190, 213, 238, 271, 276], "summary": {"covered_lines": 30, "num_statements": 105, "percent_covered": 28.571428571428573, "percent_covered_display": "29", "missing_lines": 75, "excluded_lines": 0, "percent_statements_covered": 28.571428571428573, "percent_statements_covered_display": "29"}, "missing_lines": [31, 33, 35, 40, 41, 43, 70, 71, 72, 73, 74, 77, 79, 81, 82, 83, 84, 89, 94, 102, 104, 110, 111, 115, 117, 124, 131, 132, 134, 147, 148, 150, 151, 153, 164, 172, 173, 175, 176, 184, 185, 187, 188, 196, 197, 202, 203, 231, 259, 261, 263, 273, 278, 283, 284, 285, 287, 288, 290, 291, 292, 294, 300, 306, 307, 309, 310, 311, 313, 314, 316, 317, 319, 320, 321], "excluded_lines": [], "functions": {"SyncMockSkillExecutor.execute": {"executed_lines": [], "summary": {"covered_lines": 0, "num_statements": 6, "percent_covered": 0.0, "percent_covered_display": "0", "missing_lines": 6, "excluded_lines": 0, "percent_statements_covered": 0.0, "percent_statements_covered_display": "0"}, "missing_lines": [31, 33, 35, 40, 41, 43], "excluded_lines": [], "start_line": 27}, "SkillEvolutionRunner.__init__": {"executed_lines": [], "summary": {"covered_lines": 0, "num_statements": 11, "percent_covered": 0.0, "percent_covered_display": "0", "missing_lines": 11, "excluded_lines": 0, "percent_statements_covered": 0.0, "percent_statements_covered_display": "0"}, "missing_lines": [70, 71, 72, 73, 74, 77, 79, 81, 82, 83, 84], "excluded_lines": [], "start_line": 57}, "SkillEvolutionRunner.group_name": {"executed_lines": [], "summary": {"covered_lines": 0, "num_statements": 1, "percent_covered": 0.0, "percent_covered_display": "0", "missing_lines": 1, "excluded_lines": 0, "percent_statements_covered": 0.0, "percent_statements_covered_display": "0"}, "missing_lines": [89], "excluded_lines": [], "start_line": 87}, "SkillEvolutionRunner.test_cases": {"executed_lines": [], "summary": {"covered_lines": 0, "num_statements": 1, "percent_covered": 0.0, "percent_covered_display": "0", "missing_lines": 1, "excluded_lines": 0, "percent_statements_covered": 0.0, "percent_statements_covered_display": "0"}, "missing_lines": [94], "excluded_lines": [], "start_line": 92}, "SkillEvolutionRunner.initialize": {"executed_lines": [], "summary": {"covered_lines": 0, "num_statements": 10, "percent_covered": 0.0, "percent_covered_display": "0", "missing_lines": 10, "excluded_lines": 0, "percent_statements_covered": 0.0, "percent_statements_covered_display": "0"}, "missing_lines": [102, 104, 110, 111, 115, 117, 124, 131, 132, 134], "excluded_lines": [], "start_line": 96}, "SkillEvolutionRunner.run": {"executed_lines": [], "summary": {"covered_lines": 0, "num_statements": 5, "percent_covered": 0.0, "percent_covered_display": "0", "missing_lines": 5, "excluded_lines": 0, "percent_statements_covered": 0.0, "percent_statements_covered_display": "0"}, "missing_lines": [147, 148, 150, 151, 153], "excluded_lines": [], "start_line": 136}, "SkillEvolutionRunner.run_all": {"executed_lines": [], "summary": {"covered_lines": 0, "num_statements": 1, "percent_covered": 0.0, "percent_covered_display": "0", "missing_lines": 1, "excluded_lines": 0, "percent_statements_covered": 0.0, "percent_statements_covered_display": "0"}, "missing_lines": [164], "excluded_lines": [], "start_line": 155}, "SkillEvolutionRunner.get_best_genome": {"executed_lines": [], "summary": {"covered_lines": 0, "num_statements": 4, "percent_covered": 0.0, "percent_covered_display": "0", "missing_lines": 4, "excluded_lines": 0, "percent_statements_covered": 0.0, "percent_statements_covered_display": "0"}, "missing_lines": [172, 173, 175, 176], "excluded_lines": [], "start_line": 166}, "SkillEvolutionRunner.get_best_fitness": {"executed_lines": [], "summary": {"covered_lines": 0, "num_statements": 4, "percent_covered": 0.0, "percent_covered_display": "0", "missing_lines": 4, "excluded_lines": 0, "percent_statements_covered": 0.0, "percent_statements_covered_display": "0"}, "missing_lines": [184, 185, 187, 188], "excluded_lines": [], "start_line": 178}, "SkillEvolutionRunner.get_statistics": {"executed_lines": [], "summary": {"covered_lines": 0, "num_statements": 4, "percent_covered": 0.0, "percent_covered_display": "0", "missing_lines": 4, "excluded_lines": 0, "percent_statements_covered": 0.0, "percent_statements_covered_display": "0"}, "missing_lines": [196, 197, 202, 203], "excluded_lines": [], "start_line": 190}, "create_runner": {"executed_lines": [], "summary": {"covered_lines": 0, "num_statements": 1, "percent_covered": 0.0, "percent_covered_display": "0", "missing_lines": 1, "excluded_lines": 0, "percent_statements_covered": 0.0, "percent_statements_covered_display": "0"}, "missing_lines": [231], "excluded_lines": [], "start_line": 213}, "run_evolution": {"executed_lines": [], "summary": {"covered_lines": 0, "num_statements": 3, "percent_covered": 0.0, "percent_covered_display": "0", "missing_lines": 3, "excluded_lines": 0, "percent_statements_covered": 0.0, "percent_statements_covered_display": "0"}, "missing_lines": [259, 261, 263], "excluded_lines": [], "start_line": 238}, "list_evolvable_groups": {"executed_lines": [], "summary": {"covered_lines": 0, "num_statements": 1, "percent_covered": 0.0, "percent_covered_display": "0", "missing_lines": 1, "excluded_lines": 0, "percent_statements_covered": 0.0, "percent_statements_covered_display": "0"}, "missing_lines": [273], "excluded_lines": [], "start_line": 271}, "": {"executed_lines": [1, 3, 4, 5, 6, 8, 9, 10, 16, 17, 19, 22, 25, 27, 50, 57, 86, 87, 91, 92, 96, 136, 155, 166, 178, 190, 213, 238, 271, 276], "summary": {"covered_lines": 30, "num_statements": 53, "percent_covered": 56.60377358490566, "percent_covered_display": "57", "missing_lines": 23, "excluded_lines": 0, "percent_statements_covered": 56.60377358490566, "percent_statements_covered_display": "57"}, "missing_lines": [278, 283, 284, 285, 287, 288, 290, 291, 292, 294, 300, 306, 307, 309, 310, 311, 313, 314, 316, 317, 319, 320, 321], "excluded_lines": [], "start_line": 1}}, "classes": {"SyncMockSkillExecutor": {"executed_lines": [], "summary": {"covered_lines": 0, "num_statements": 6, "percent_covered": 0.0, "percent_covered_display": "0", "missing_lines": 6, "excluded_lines": 0, "percent_statements_covered": 0.0, "percent_statements_covered_display": "0"}, "missing_lines": [31, 33, 35, 40, 41, 43], "excluded_lines": [], "start_line": 22}, "SkillEvolutionRunner": {"executed_lines": [], "summary": {"covered_lines": 0, "num_statements": 41, "percent_covered": 0.0, "percent_covered_display": "0", "missing_lines": 41, "excluded_lines": 0, "percent_statements_covered": 0.0, "percent_statements_covered_display": "0"}, "missing_lines": [70, 71, 72, 73, 74, 77, 79, 81, 82, 83, 84, 89, 94, 102, 104, 110, 111, 115, 117, 124, 131, 132, 134, 147, 148, 150, 151, 153, 164, 172, 173, 175, 176, 184, 185, 187, 188, 196, 197, 202, 203], "excluded_lines": [], "start_line": 50}, "": {"executed_lines": [1, 3, 4, 5, 6, 8, 9, 10, 16, 17, 19, 22, 25, 27, 50, 57, 86, 87, 91, 92, 96, 136, 155, 166, 178, 190, 213, 238, 271, 276], "summary": {"covered_lines": 30, "num_statements": 58, "percent_covered": 51.724137931034484, "percent_covered_display": "52", "missing_lines": 28, "excluded_lines": 0, "percent_statements_covered": 51.724137931034484, "percent_statements_covered_display": "52"}, "missing_lines": [231, 259, 261, 263, 273, 278, 283, 284, 285, 287, 288, 290, 291, 292, 294, 300, 306, 307, 309, 310, 311, 313, 314, 316, 317, 319, 320, 321], "excluded_lines": [], "start_line": 1}}}, "src\\core\\evolution\\skill_executor.py": {"executed_lines": [1, 3, 4, 5, 6, 7, 8, 9, 11, 13, 16, 19, 22, 25, 28, 31, 45, 49, 52, 68, 80, 83, 90, 110, 123, 135, 158, 195, 206, 214, 220, 223, 233, 321, 345, 349, 353, 357, 365, 375], "summary": {"covered_lines": 40, "num_statements": 186, "percent_covered": 21.50537634408602, "percent_covered_display": "22", "missing_lines": 146, "excluded_lines": 0, "percent_statements_covered": 21.50537634408602, "percent_statements_covered_display": "22"}, "missing_lines": [39, 40, 41, 42, 43, 46, 61, 62, 63, 64, 65, 66, 70, 84, 85, 86, 87, 88, 92, 93, 94, 95, 97, 98, 102, 104, 105, 106, 108, 112, 113, 114, 115, 116, 117, 118, 119, 120, 121, 125, 126, 128, 129, 130, 131, 132, 133, 137, 138, 139, 141, 143, 144, 146, 147, 149, 150, 151, 153, 154, 156, 160, 161, 163, 165, 166, 168, 175, 176, 177, 179, 181, 182, 184, 192, 193, 197, 198, 199, 200, 201, 202, 203, 204, 208, 209, 210, 211, 212, 216, 217, 229, 230, 231, 237, 239, 240, 242, 243, 247, 249, 254, 255, 257, 259, 261, 263, 272, 274, 282, 283, 284, 292, 293, 301, 302, 303, 304, 312, 313, 325, 326, 327, 328, 329, 331, 332, 334, 335, 339, 341, 347, 351, 355, 359, 360, 361, 362, 369, 377, 378, 380, 382, 383, 384, 385], "excluded_lines": [], "functions": {"SkillMetadata.__init__": {"executed_lines": [], "summary": {"covered_lines": 0, "num_statements": 5, "percent_covered": 0.0, "percent_covered_display": "0", "missing_lines": 5, "excluded_lines": 0, "percent_statements_covered": 0.0, "percent_statements_covered_display": "0"}, "missing_lines": [39, 40, 41, 42, 43], "excluded_lines": [], "start_line": 31}, "SkillMetadata.__repr__": {"executed_lines": [], "summary": {"covered_lines": 0, "num_statements": 1, "percent_covered": 0.0, "percent_covered_display": "0", "missing_lines": 1, "excluded_lines": 0, "percent_statements_covered": 0.0, "percent_statements_covered_display": "0"}, "missing_lines": [46], "excluded_lines": [], "start_line": 45}, "ExecutionResult.__init__": {"executed_lines": [], "summary": {"covered_lines": 0, "num_statements": 6, "percent_covered": 0.0, "percent_covered_display": "0", "missing_lines": 6, "excluded_lines": 0, "percent_statements_covered": 0.0, "percent_statements_covered_display": "0"}, "missing_lines": [61, 62, 63, 64, 65, 66], "excluded_lines": [], "start_line": 52}, "ExecutionResult.to_dict": {"executed_lines": [], "summary": {"covered_lines": 0, "num_statements": 1, "percent_covered": 0.0, "percent_covered_display": "0", "missing_lines": 1, "excluded_lines": 0, "percent_statements_covered": 0.0, "percent_statements_covered_display": "0"}, "missing_lines": [70], "excluded_lines": [], "start_line": 68}, "SkillLoader.__init__": {"executed_lines": [], "summary": {"covered_lines": 0, "num_statements": 5, "percent_covered": 0.0, "percent_covered_display": "0", "missing_lines": 5, "excluded_lines": 0, "percent_statements_covered": 0.0, "percent_statements_covered_display": "0"}, "missing_lines": [84, 85, 86, 87, 88], "excluded_lines": [], "start_line": 83}, "SkillLoader.discover_skills": {"executed_lines": [], "summary": {"covered_lines": 0, "num_statements": 11, "percent_covered": 0.0, "percent_covered_display": "0", "missing_lines": 11, "excluded_lines": 0, "percent_statements_covered": 0.0, "percent_statements_covered_display": "0"}, "missing_lines": [92, 93, 94, 95, 97, 98, 102, 104, 105, 106, 108], "excluded_lines": [], "start_line": 90}, "SkillLoader._get_module_name_from_path": {"executed_lines": [], "summary": {"covered_lines": 0, "num_statements": 10, "percent_covered": 0.0, "percent_covered_display": "0", "missing_lines": 10, "excluded_lines": 0, "percent_statements_covered": 0.0, "percent_statements_covered_display": "0"}, "missing_lines": [112, 113, 114, 115, 116, 117, 118, 119, 120, 121], "excluded_lines": [], "start_line": 110}, "SkillLoader.load_skill": {"executed_lines": [], "summary": {"covered_lines": 0, "num_statements": 8, "percent_covered": 0.0, "percent_covered_display": "0", "missing_lines": 8, "excluded_lines": 0, "percent_statements_covered": 0.0, "percent_statements_covered_display": "0"}, "missing_lines": [125, 126, 128, 129, 130, 131, 132, 133], "excluded_lines": [], "start_line": 123}, "SkillLoader._import_skill_module": {"executed_lines": [], "summary": {"covered_lines": 0, "num_statements": 14, "percent_covered": 0.0, "percent_covered_display": "0", "missing_lines": 14, "excluded_lines": 0, "percent_statements_covered": 0.0, "percent_statements_covered_display": "0"}, "missing_lines": [137, 138, 139, 141, 143, 144, 146, 147, 149, 150, 151, 153, 154, 156], "excluded_lines": [], "start_line": 135}, "SkillLoader.get_skill_metadata": {"executed_lines": [], "summary": {"covered_lines": 0, "num_statements": 15, "percent_covered": 0.0, "percent_covered_display": "0", "missing_lines": 15, "excluded_lines": 0, "percent_statements_covered": 0.0, "percent_statements_covered_display": "0"}, "missing_lines": [160, 161, 163, 165, 166, 168, 175, 176, 177, 179, 181, 182, 184, 192, 193], "excluded_lines": [], "start_line": 158}, "SkillLoader.list_skills_metadata": {"executed_lines": [], "summary": {"covered_lines": 0, "num_statements": 8, "percent_covered": 0.0, "percent_covered_display": "0", "missing_lines": 8, "excluded_lines": 0, "percent_statements_covered": 0.0, "percent_statements_covered_display": "0"}, "missing_lines": [197, 198, 199, 200, 201, 202, 203, 204], "excluded_lines": [], "start_line": 195}, "SkillLoader.is_skill_available": {"executed_lines": [], "summary": {"covered_lines": 0, "num_statements": 5, "percent_covered": 0.0, "percent_covered_display": "0", "missing_lines": 5, "excluded_lines": 0, "percent_statements_covered": 0.0, "percent_statements_covered_display": "0"}, "missing_lines": [208, 209, 210, 211, 212], "excluded_lines": [], "start_line": 206}, "SkillLoader.clear_cache": {"executed_lines": [], "summary": {"covered_lines": 0, "num_statements": 2, "percent_covered": 0.0, "percent_covered_display": "0", "missing_lines": 2, "excluded_lines": 0, "percent_statements_covered": 0.0, "percent_statements_covered_display": "0"}, "missing_lines": [216, 217], "excluded_lines": [], "start_line": 214}, "RealSkillExecutor.__init__": {"executed_lines": [], "summary": {"covered_lines": 0, "num_statements": 3, "percent_covered": 0.0, "percent_covered_display": "0", "missing_lines": 3, "excluded_lines": 0, "percent_statements_covered": 0.0, "percent_statements_covered_display": "0"}, "missing_lines": [229, 230, 231], "excluded_lines": [], "start_line": 223}, "RealSkillExecutor.execute": {"executed_lines": [], "summary": {"covered_lines": 0, "num_statements": 26, "percent_covered": 0.0, "percent_covered_display": "0", "missing_lines": 26, "excluded_lines": 0, "percent_statements_covered": 0.0, "percent_statements_covered_display": "0"}, "missing_lines": [237, 239, 240, 242, 243, 247, 249, 254, 255, 257, 259, 261, 263, 272, 274, 282, 283, 284, 292, 293, 301, 302, 303, 304, 312, 313], "excluded_lines": [], "start_line": 233}, "RealSkillExecutor.execute_sync": {"executed_lines": [], "summary": {"covered_lines": 0, "num_statements": 11, "percent_covered": 0.0, "percent_covered_display": "0", "missing_lines": 11, "excluded_lines": 0, "percent_statements_covered": 0.0, "percent_statements_covered_display": "0"}, "missing_lines": [325, 326, 327, 328, 329, 331, 332, 334, 335, 339, 341], "excluded_lines": [], "start_line": 321}, "RealSkillExecutor.get_execution_history": {"executed_lines": [], "summary": {"covered_lines": 0, "num_statements": 1, "percent_covered": 0.0, "percent_covered_display": "0", "missing_lines": 1, "excluded_lines": 0, "percent_statements_covered": 0.0, "percent_statements_covered_display": "0"}, "missing_lines": [347], "excluded_lines": [], "start_line": 345}, "RealSkillExecutor.clear_history": {"executed_lines": [], "summary": {"covered_lines": 0, "num_statements": 1, "percent_covered": 0.0, "percent_covered_display": "0", "missing_lines": 1, "excluded_lines": 0, "percent_statements_covered": 0.0, "percent_statements_covered_display": "0"}, "missing_lines": [351], "excluded_lines": [], "start_line": 349}, "RealSkillExecutor.list_available_skills": {"executed_lines": [], "summary": {"covered_lines": 0, "num_statements": 1, "percent_covered": 0.0, "percent_covered_display": "0", "missing_lines": 1, "excluded_lines": 0, "percent_statements_covered": 0.0, "percent_statements_covered_display": "0"}, "missing_lines": [355], "excluded_lines": [], "start_line": 353}, "RealSkillExecutor.get_skill_info": {"executed_lines": [], "summary": {"covered_lines": 0, "num_statements": 4, "percent_covered": 0.0, "percent_covered_display": "0", "missing_lines": 4, "excluded_lines": 0, "percent_statements_covered": 0.0, "percent_statements_covered_display": "0"}, "missing_lines": [359, 360, 361, 362], "excluded_lines": [], "start_line": 357}, "create_real_executor": {"executed_lines": [], "summary": {"covered_lines": 0, "num_statements": 1, "percent_covered": 0.0, "percent_covered_display": "0", "missing_lines": 1, "excluded_lines": 0, "percent_statements_covered": 0.0, "percent_statements_covered_display": "0"}, "missing_lines": [369], "excluded_lines": [], "start_line": 365}, "get_skill_from_registry": {"executed_lines": [], "summary": {"covered_lines": 0, "num_statements": 7, "percent_covered": 0.0, "percent_covered_display": "0", "missing_lines": 7, "excluded_lines": 0, "percent_statements_covered": 0.0, "percent_statements_covered_display": "0"}, "missing_lines": [377, 378, 380, 382, 383, 384, 385], "excluded_lines": [], "start_line": 375}, "": {"executed_lines": [1, 3, 4, 5, 6, 7, 8, 9, 11, 13, 16, 19, 22, 25, 28, 31, 45, 49, 52, 68, 80, 83, 90, 110, 123, 135, 158, 195, 206, 214, 220, 223, 233, 321, 345, 349, 353, 357, 365, 375], "summary": {"covered_lines": 40, "num_statements": 40, "percent_covered": 100.0, "percent_covered_display": "100", "missing_lines": 0, "excluded_lines": 0, "percent_statements_covered": 100.0, "percent_statements_covered_display": "100"}, "missing_lines": [], "excluded_lines": [], "start_line": 1}}, "classes": {"SkillExecutionError": {"executed_lines": [], "summary": {"covered_lines": 0, "num_statements": 0, "percent_covered": 100.0, "percent_covered_display": "100", "missing_lines": 0, "excluded_lines": 0, "percent_statements_covered": 100.0, "percent_statements_covered_display": "100"}, "missing_lines": [], "excluded_lines": [], "start_line": 16}, "SkillNotFoundError": {"executed_lines": [], "summary": {"covered_lines": 0, "num_statements": 0, "percent_covered": 100.0, "percent_covered_display": "100", "missing_lines": 0, "excluded_lines": 0, "percent_statements_covered": 100.0, "percent_statements_covered_display": "100"}, "missing_lines": [], "excluded_lines": [], "start_line": 22}, "SkillMetadata": {"executed_lines": [], "summary": {"covered_lines": 0, "num_statements": 6, "percent_covered": 0.0, "percent_covered_display": "0", "missing_lines": 6, "excluded_lines": 0, "percent_statements_covered": 0.0, "percent_statements_covered_display": "0"}, "missing_lines": [39, 40, 41, 42, 43, 46], "excluded_lines": [], "start_line": 28}, "ExecutionResult": {"executed_lines": [], "summary": {"covered_lines": 0, "num_statements": 7, "percent_covered": 0.0, "percent_covered_display": "0", "missing_lines": 7, "excluded_lines": 0, "percent_statements_covered": 0.0, "percent_statements_covered_display": "0"}, "missing_lines": [61, 62, 63, 64, 65, 66, 70], "excluded_lines": [], "start_line": 49}, "SkillLoader": {"executed_lines": [], "summary": {"covered_lines": 0, "num_statements": 78, "percent_covered": 0.0, "percent_covered_display": "0", "missing_lines": 78, "excluded_lines": 0, "percent_statements_covered": 0.0, "percent_statements_covered_display": "0"}, "missing_lines": [84, 85, 86, 87, 88, 92, 93, 94, 95, 97, 98, 102, 104, 105, 106, 108, 112, 113, 114, 115, 116, 117, 118, 119, 120, 121, 125, 126, 128, 129, 130, 131, 132, 133, 137, 138, 139, 141, 143, 144, 146, 147, 149, 150, 151, 153, 154, 156, 160, 161, 163, 165, 166, 168, 175, 176, 177, 179, 181, 182, 184, 192, 193, 197, 198, 199, 200, 201, 202, 203, 204, 208, 209, 210, 211, 212, 216, 217], "excluded_lines": [], "start_line": 80}, "RealSkillExecutor": {"executed_lines": [], "summary": {"covered_lines": 0, "num_statements": 47, "percent_covered": 0.0, "percent_covered_display": "0", "missing_lines": 47, "excluded_lines": 0, "percent_statements_covered": 0.0, "percent_statements_covered_display": "0"}, "missing_lines": [229, 230, 231, 237, 239, 240, 242, 243, 247, 249, 254, 255, 257, 259, 261, 263, 272, 274, 282, 283, 284, 292, 293, 301, 302, 303, 304, 312, 313, 325, 326, 327, 328, 329, 331, 332, 334, 335, 339, 341, 347, 351, 355, 359, 360, 361, 362], "excluded_lines": [], "start_line": 220}, "": {"executed_lines": [1, 3, 4, 5, 6, 7, 8, 9, 11, 13, 16, 19, 22, 25, 28, 31, 45, 49, 52, 68, 80, 83, 90, 110, 123, 135, 158, 195, 206, 214, 220, 223, 233, 321, 345, 349, 353, 357, 365, 375], "summary": {"covered_lines": 40, "num_statements": 48, "percent_covered": 83.33333333333333, "percent_covered_display": "83", "missing_lines": 8, "excluded_lines": 0, "percent_statements_covered": 83.33333333333333, "percent_statements_covered_display": "83"}, "missing_lines": [369, 377, 378, 380, 382, 383, 384, 385], "excluded_lines": [], "start_line": 1}}}, "src\\core\\exceptions.py": {"executed_lines": [1, 2, 3, 4, 5, 6, 8, 10, 13, 16, 17, 18, 19, 20, 21, 22, 23, 24, 27, 30, 36, 37, 40, 41, 42, 44, 45, 46, 47, 48, 50, 52, 61, 64, 70, 71, 72, 73, 74, 75, 82, 85, 92, 93, 94, 95, 96, 97, 98, 99, 100, 101, 108, 111, 119, 120, 121, 122, 123, 124, 125, 126, 127, 128, 129, 130, 131, 138, 141, 149, 150, 151, 152, 153, 154, 155, 156, 157, 158, 159, 160, 167, 170, 177, 178, 179, 180, 181, 182, 183, 184, 191, 194, 201, 202, 203, 204, 205, 206, 207, 208, 215, 218, 226, 227, 228, 229, 230, 231, 232, 233, 234, 235, 236, 237, 238, 239, 246, 249, 256, 257, 258, 259, 260, 261, 262, 263, 264, 265, 272, 275, 299, 300, 301, 302, 303, 304, 305, 306, 307, 309, 310, 311, 312, 313, 314, 315, 317, 319, 320, 325, 327, 329, 332, 335, 336, 337, 340, 341, 345, 357, 358, 360], "summary": {"covered_lines": 163, "num_statements": 164, "percent_covered": 99.39024390243902, "percent_covered_display": "99", "missing_lines": 1, "excluded_lines": 1, "percent_statements_covered": 99.39024390243902, "percent_statements_covered_display": "99"}, "missing_lines": [308], "excluded_lines": [281], "functions": {"SkillFlywheelError.__init__": {"executed_lines": [36, 37, 40, 41, 42], "summary": {"covered_lines": 5, "num_statements": 5, "percent_covered": 100.0, "percent_covered_display": "100", "missing_lines": 0, "excluded_lines": 0, "percent_statements_covered": 100.0, "percent_statements_covered_display": "100"}, "missing_lines": [], "excluded_lines": [], "start_line": 30}, "SkillFlywheelError.__str__": {"executed_lines": [45, 46, 47, 48], "summary": {"covered_lines": 4, "num_statements": 4, "percent_covered": 100.0, "percent_covered_display": "100", "missing_lines": 0, "excluded_lines": 0, "percent_statements_covered": 100.0, "percent_statements_covered_display": "100"}, "missing_lines": [], "excluded_lines": [], "start_line": 44}, "SkillFlywheelError.to_dict": {"executed_lines": [52], "summary": {"covered_lines": 1, "num_statements": 1, "percent_covered": 100.0, "percent_covered_display": "100", "missing_lines": 0, "excluded_lines": 0, "percent_statements_covered": 100.0, "percent_statements_covered_display": "100"}, "missing_lines": [], "excluded_lines": [], "start_line": 50}, "SkillNotFoundError.__init__": {"executed_lines": [70, 71, 72, 73, 74, 75], "summary": {"covered_lines": 6, "num_statements": 6, "percent_covered": 100.0, "percent_covered_display": "100", "missing_lines": 0, "excluded_lines": 0, "percent_statements_covered": 100.0, "percent_statements_covered_display": "100"}, "missing_lines": [], "excluded_lines": [], "start_line": 64}, "SkillLoadError.__init__": {"executed_lines": [92, 93, 94, 95, 96, 97, 98, 99, 100, 101], "summary": {"covered_lines": 10, "num_statements": 10, "percent_covered": 100.0, "percent_covered_display": "100", "missing_lines": 0, "excluded_lines": 0, "percent_statements_covered": 100.0, "percent_statements_covered_display": "100"}, "missing_lines": [], "excluded_lines": [], "start_line": 85}, "SkillExecutionError.__init__": {"executed_lines": [119, 120, 121, 122, 123, 124, 125, 126, 127, 128, 129, 130, 131], "summary": {"covered_lines": 13, "num_statements": 13, "percent_covered": 100.0, "percent_covered_display": "100", "missing_lines": 0, "excluded_lines": 0, "percent_statements_covered": 100.0, "percent_statements_covered_display": "100"}, "missing_lines": [], "excluded_lines": 
[...]
: 0.0, "percent_covered_display": "0", "missing_lines": 6, "excluded_lines": 0, "percent_statements_covered": 0.0, "percent_statements_covered_display": "0"}, "missing_lines": [190, 192, 193, 194, 195, 197], "excluded_lines": [], "start_line": 188}, "invoke": {"executed_lines": [], "summary": {"covered_lines": 0, "num_statements": 9, "percent_covered": 0.0, "percent_covered_display": "0", "missing_lines": 9, "excluded_lines": 0, "percent_statements_covered": 0.0, "percent_statements_covered_display": "0"}, "missing_lines": [202, 203, 204, 205, 206, 208, 209, 213, 215], "excluded_lines": [], "start_line": 200}, "register_skill": {"executed_lines": [], "summary": {"covered_lines": 0, "num_statements": 1, "percent_covered": 0.0, "percent_covered_display": "0", "missing_lines": 1, "excluded_lines": 0, "percent_statements_covered": 0.0, "percent_statements_covered_display": "0"}, "missing_lines": [220], "excluded_lines": [], "start_line": 218}, "": {"executed_lines": [10, 11, 14, 18, 70, 86, 149, 188, 200, 218], "summary": {"covered_lines": 10, "num_statements": 10, "percent_covered": 100.0, "percent_covered_display": "100", "missing_lines": 0, "excluded_lines": 0, "percent_statements_covered": 100.0, "percent_statements_covered_display": "100"}, "missing_lines": [], "excluded_lines": [], "start_line": 1}}, "classes": {"": {"executed_lines": [10, 11, 14, 15, 18, 20, 23, 24, 25, 26, 27, 28, 31, 32, 33, 34, 36, 38, 39, 41, 42, 43, 44, 45, 46, 47, 48, 50, 53, 56, 59, 60, 61, 62, 63, 65, 67, 70, 74, 76, 78, 79, 86, 107, 110, 113, 116, 119, 120, 127, 128, 129, 130, 131, 139, 149, 151, 155, 156, 158, 159, 160, 162, 163, 165, 167, 168, 169, 170, 171, 172, 175, 176, 177, 178, 179, 180, 181, 182, 183, 185, 188, 200, 218], "summary": {"covered_lines": 84, "num_statements": 112, "percent_covered": 75.0, "percent_covered_display": "75", "missing_lines": 28, "excluded_lines": 0, "percent_statements_covered": 75.0, "percent_statements_covered_display": "75"}, "missing_lines": [51, 75, 77, 80, 82, 83, 108, 114, 121, 122, 124, 152, 190, 192, 193, 194, 195, 197, 202, 203, 204, 205, 206, 208, 209, 213, 215, 220], "excluded_lines": [], "start_line": 1}}}, "src\\skills\\kmeans_clustering.py": {"executed_lines": [10, 11, 14, 16, 19, 23, 30, 31, 32, 33, 34, 35, 37, 38, 41, 43, 44, 45, 46, 47, 48, 49, 51, 54, 77, 80, 83, 88, 90, 91, 93, 95, 96, 97, 98, 101, 102, 103, 106, 107, 113, 116, 121, 122, 123, 125, 126, 127, 128, 130, 131, 132, 135, 136, 137, 138, 139, 142, 153, 164, 208, 226], "summary": {"covered_lines": 62, "num_statements": 102, "percent_covered": 60.78431372549019, "percent_covered_display": "61", "missing_lines": 40, "excluded_lines": 0, "percent_statements_covered": 60.78431372549019, "percent_statements_covered_display": "61"}, "missing_lines": [24, 26, 27, 39, 78, 84, 85, 112, 166, 167, 169, 170, 171, 172, 174, 175, 176, 177, 181, 182, 185, 186, 191, 195, 198, 199, 201, 202, 204, 205, 210, 211, 212, 213, 214, 216, 217, 221, 223, 228], "excluded_lines": [], "functions": {"_euclidean_distance": {"executed_lines": [16], "summary": {"covered_lines": 1, "num_statements": 1, "percent_covered": 100.0, "percent_covered_display": "100", "missing_lines": 0, "excluded_lines": 0, "percent_statements_covered": 100.0, "percent_statements_covered_display": "100"}, "missing_lines": [], "excluded_lines": [], "start_line": 14}, "_initialize_centroids": {"executed_lines": [23, 30, 31, 32, 33, 34, 35, 37, 38, 41, 43, 44, 45, 46, 47, 48, 49, 51], "summary": {"covered_lines": 18, "num_statements": 22, "percent_covered": 81.81818181818181, "percent_covered_display": "82", "missing_lines": 4, "excluded_lines": 0, "percent_statements_covered": 81.81818181818181, "percent_statements_covered_display": "82"}, "missing_lines": [24, 26, 27, 39], "excluded_lines": [], "start_line": 19}, "kmeans_clustering": {"executed_lines": [77, 80, 83, 88, 90, 91, 93, 95, 96, 97, 98, 101, 102, 103, 106, 107, 113, 116, 121, 122, 123, 125, 126, 127, 128, 130, 131, 132, 135, 136, 137, 138, 139, 142, 153], "summary": {"covered_lines": 35, "num_statements": 39, "percent_covered": 89.74358974358974, "percent_covered_display": "90", "missing_lines": 4, "excluded_lines": 0, "percent_statements_covered": 89.74358974358974, "percent_statements_covered_display": "90"}, "missing_lines": [78, 84, 85, 112], "excluded_lines": [], "start_line": 54}, "_find_optimal_k": {"executed_lines": [], "summary": {"covered_lines": 0, "num_statements": 22, "percent_covered": 0.0, "percent_covered_display": "0", "missing_lines": 22, "excluded_lines": 0, "percent_statements_covered": 0.0, "percent_statements_covered_display": "0"}, "missing_lines": [166, 167, 169, 170, 171, 172, 174, 175, 176, 177, 181, 182, 185, 186, 191, 195, 198, 199, 201, 202, 204, 205], "excluded_lines": [], "start_line": 164}, "invoke": {"executed_lines": [], "summary": {"covered_lines": 0, "num_statements": 9, "percent_covered": 0.0, "percent_covered_display": "0", "missing_lines": 9, "excluded_lines": 0, "percent_statements_covered": 0.0, "percent_statements_covered_display": "0"}, "missing_lines": [210, 211, 212, 213, 214, 216, 217, 221, 223], "excluded_lines": [], "start_line": 208}, "register_skill": {"executed_lines": [], "summary": {"covered_lines": 0, "num_statements": 1, "percent_covered": 0.0, "percent_covered_display": "0", "missing_lines": 1, "excluded_lines": 0, "percent_statements_covered": 0.0, "percent_statements_covered_display": "0"}, "missing_lines": [228], "excluded_lines": [], "start_line": 226}, "": {"executed_lines": [10, 11, 14, 19, 54, 164, 208, 226], "summary": {"covered_lines": 8, "num_statements": 8, "percent_covered": 100.0, "percent_covered_display": "100", "missing_lines": 0, "excluded_lines": 0, "percent_statements_covered": 100.0, "percent_statements_covered_display": "100"}, "missing_lines": [], "excluded_lines": [], "start_line": 1}}, "classes": {"": {"executed_lines": [10, 11, 14, 16, 19, 23, 30, 31, 32, 33, 34, 35, 37, 38, 41, 43, 44, 45, 46, 47, 48, 49, 51, 54, 77, 80, 83, 88, 90, 91, 93, 95, 96, 97, 98, 101, 102, 103, 106, 107, 113, 116, 121, 122, 123, 125, 126, 127, 128, 130, 131, 132, 135, 136, 137, 138, 139, 142, 153, 164, 208, 226], "summary": {"covered_lines": 62, "num_statements": 102, "percent_covered": 60.78431372549019, "percent_covered_display": "61", "missing_lines": 40, "excluded_lines": 0, "percent_statements_covered": 60.78431372549019, "percent_statements_covered_display": "61"}, "missing_lines": [24, 26, 27, 39, 78, 84, 85, 112, 166, 167, 169, 170, 171, 172, 174, 175, 176, 177, 181, 182, 185, 186, 191, 195, 198, 199, 201, 202, 204, 205, 210, 211, 212, 213, 214, 216, 217, 221, 223, 228], "excluded_lines": [], "start_line": 1}}}, "src\\skills\\prisoners_dilemma_analyzer.py": {"executed_lines": [11, 14, 43, 49, 63, 64, 70, 77, 84, 85, 90, 101, 104, 109, 117, 118, 130, 133, 135, 138, 144, 145, 147, 150, 153, 177, 208], "summary": {"covered_lines": 27, "num_statements": 52, "percent_covered": 51.92307692307692, "percent_covered_display": "52", "missing_lines": 25, "excluded_lines": 0, "percent_statements_covered": 51.92307692307692, "percent_statements_covered_display": "52"}, "missing_lines": [44, 91, 110, 127, 136, 137, 139, 142, 148, 164, 169, 179, 180, 181, 182, 183, 186, 187, 188, 189, 191, 192, 203, 205, 210], "excluded_lines": [], "functions": {"prisoners_dilemma_analyzer": {"executed_lines": [43, 49, 63, 64, 70, 77, 84, 85, 90, 101], "summary": {"covered_lines": 10, "num_statements": 12, "percent_covered": 83.33333333333333, "percent_covered_display": "83", "missing_lines": 2, "excluded_lines": 0, "percent_statements_covered": 83.33333333333333, "percent_statements_covered_display": "83"}, "missing_lines": [44, 91], "excluded_lines": [], "start_line": 14}, "_analyze_iterated_pd": {"executed_lines": [109, 117, 118], "summary": {"covered_lines": 3, "num_statements": 5, "percent_covered": 60.0, "percent_covered_display": "60", "missing_lines": 2, "excluded_lines": 0, "percent_statements_covered": 60.0, "percent_statements_covered_display": "60"}, "missing_lines": [110, 127], "excluded_lines": [], "start_line": 104}, "_get_iterated_recommendations": {"executed_lines": [133, 135, 138, 144, 145, 147, 150], "summary": {"covered_lines": 7, "num_statements": 12, "percent_covered": 58.333333333333336, "percent_covered_display": "58", "missing_lines": 5, "excluded_lines": 0, "percent_statements_covered": 58.333333333333336, "percent_statements_covered_display": "58"}, "missing_lines": [136, 137, 139, 142, 148], "excluded_lines": [], "start_line": 130}, "_compare_strategies": {"executed_lines": [], "summary": {"covered_lines": 0, "num_statements": 2, "percent_covered": 0.0, "percent_covered_display": "0", "missing_lines": 2, "excluded_lines": 0, "percent_statements_covered": 0.0, "percent_statements_covered_display": "0"}, "missing_lines": [164, 169], "excluded_lines": [], "start_line": 153}, "invoke": {"executed_lines": [], "summary": {"covered_lines": 0, "num_statements": 13, "percent_covered": 0.0, "percent_covered_display": "0", "missing_lines": 13, "excluded_lines": 0, "percent_statements_covered": 0.0, "percent_statements_covered_display": "0"}, "missing_lines": [179, 180, 181, 182, 183, 186, 187, 188, 189, 191, 192, 203, 205], "excluded_lines": [], "start_line": 177}, "register_skill": {"executed_lines": [], "summary": {"covered_lines": 0, "num_statements": 1, "percent_covered": 0.0, "percent_covered_display": "0", "missing_lines": 1, "excluded_lines": 0, "percent_statements_covered": 0.0, "percent_statements_covered_display": "0"}, "missing_lines": [210], "excluded_lines": [], "start_line": 208}, "": {"executed_lines": [11, 14, 104, 130, 153, 177, 208], "summary": {"covered_lines": 7, "num_statements": 7, "percent_covered": 100.0, "percent_covered_display": "100", "missing_lines": 0, "excluded_lines": 0, "percent_statements_covered": 100.0, "percent_statements_covered_display": "100"}, "missing_lines": [], "excluded_lines": [], "start_line": 1}}, "classes": {"": {"executed_lines": [11, 14, 43, 49, 63, 64, 70, 77, 84, 85, 90, 101, 104, 109, 117, 118, 130, 133, 135, 138, 144, 145, 147, 150, 153, 177, 208], "summary": {"covered_lines": 27, "num_statements": 52, "percent_covered": 51.92307692307692, "percent_covered_display": "52", "missing_lines": 25, "excluded_lines": 0, "percent_statements_covered": 51.92307692307692, "percent_statements_covered_display": "52"}, "missing_lines": [44, 91, 110, 127, 136, 137, 139, 142, 148, 164, 169, 179, 180, 181, 182, 183, 186, 187, 188, 189, 191, 192, 203, 205, 210], "excluded_lines": [], "start_line": 1}}}, "src\\skills\\repeated_game_analyzer.py": {"executed_lines": [12, 15, 38, 40, 41, 54, 59, 67, 68, 75, 82, 126, 129, 166, 193, 226, 246], "summary": {"covered_lines": 17, "num_statements": 46, "percent_covered": 36.95652173913044, "percent_covered_display": "37", "missing_lines": 29, "excluded_lines": 0, "percent_statements_covered": 36.95652173913044, "percent_statements_covered_display": "37"}, "missing_lines": [44, 45, 46, 47, 48, 49, 51, 76, 89, 90, 92, 98, 119, 134, 137, 138, 139, 141, 171, 198, 228, 229, 230, 231, 232, 233, 235, 243, 248], "excluded_lines": [], "functions": {"repeated_game_analyzer": {"executed_lines": [38, 40, 41], "summary": {"covered_lines": 3, "num_statements": 10, "percent_covered": 30.0, "percent_covered_display": "30", "missing_lines": 7, "excluded_lines": 0, "percent_statements_covered": 30.0, "percent_statements_covered_display": "30"}, "missing_lines": [44, 45, 46, 47, 48, 49, 51], "excluded_lines": [], "start_line": 15}, "_analyze_repeated_prisoners": {"executed_lines": [59, 67, 68, 75, 82, 126], "summary": {"covered_lines": 6, "num_statements": 12, "percent_covered": 50.0, "percent_covered_display": "50", "missing_lines": 6, "excluded_lines": 0, "percent_statements_covered": 50.0, "percent_statements_covered_display": "50"}, "missing_lines": [76, 89, 90, 92, 98, 119], "excluded_lines": [], "start_line": 54}, "_analyze_repeated_oligopoly": {"executed_lines": [], "summary": {"covered_lines": 0, "num_statements": 5, "percent_covered": 0.0, "percent_covered_display": "0", "missing_lines": 5, "excluded_lines": 0, "percent_statements_covered": 0.0, "percent_statements_covered_display": "0"}, "missing_lines": [134, 137, 138, 139, 141], "excluded_lines": [], "start_line": 129}, "_analyze_repeated_coordination": {"executed_lines": [], "summary": {"covered_lines": 0, "num_statements": 1, "percent_covered": 0.0, "percent_covered_display": "0", "missing_lines": 1, "excluded_lines": 0, "percent_statements_covered": 0.0, "percent_statements_covered_display": "0"}, "missing_lines": [171], "excluded_lines": [], "start_line": 166}, "_analyze_repeated_chicken": {"executed_lines": [], "summary": {"covered_lines": 0, "num_statements": 1, "percent_covered": 0.0, "percent_covered_display": "0", "missing_lines": 1, "excluded_lines": 0, "percent_statements_covered": 0.0, "percent_statements_covered_display": "0"}, "missing_lines": [198], "excluded_lines": [], "start_line": 193}, "invoke": {"executed_lines": [], "summary": {"covered_lines": 0, "num_statements": 8, "percent_covered": 0.0, "percent_covered_display": "0", "missing_lines": 8, "excluded_lines": 0, "percent_statements_covered": 0.0, "percent_statements_covered_display": "0"}, "missing_lines": [228, 229, 230, 231, 232, 233, 235, 243], "excluded_lines": [], "start_line": 226}, "register_skill": {"executed_lines": [], "summary": {"covered_lines": 0, "num_statements": 1, "percent_covered": 0.0, "percent_covered_display": "0", "missing_lines": 1, "excluded_lines": 0, "percent_statements_covered": 0.0, "percent_statements_covered_display": "0"}, "missing_lines": [248], "excluded_lines": [], "start_line": 246}, "": {"executed_lines": [12, 15, 54, 129, 166, 193, 226, 246], "summary": {"covered_lines": 8, "num_statements": 8, "percent_covered": 100.0, "percent_covered_display": "100", "missing_lines": 0, "excluded_lines": 0, "percent_statements_covered": 100.0, "percent_statements_covered_display": "100"}, "missing_lines": [], "excluded_lines": [], "start_line": 1}}, "classes": {"": {"executed_lines": [12, 15, 38, 40, 41, 54, 59, 67, 68, 75, 82, 126, 129, 166, 193, 226, 246], "summary": {"covered_lines": 17, "num_statements": 46, "percent_covered": 36.95652173913044, "percent_covered_display": "37", "missing_lines": 29, "excluded_lines": 0, "percent_statements_covered": 36.95652173913044, "percent_statements_covered_display": "37"}, "missing_lines": [44, 45, 46, 47, 48, 49, 51, 76, 89, 90, 92, 98, 119, 134, 137, 138, 139, 141, 171, 198, 228, 229, 230, 231, 232, 233, 235, 243, 248], "excluded_lines": [], "start_line": 1}}}, "src\\skills\\signaling_game_analyzer.py": {"executed_lines": [11, 14, 41, 42, 60, 68, 69, 70, 71, 72, 73, 74, 75, 81, 91, 97, 111, 157, 204, 229, 246, 261, 285], "summary": {"covered_lines": 23, "num_statements": 67, "percent_covered": 34.32835820895522, "percent_covered_display": "34", "missing_lines": 44, "excluded_lines": 0, "percent_statements_covered": 34.32835820895522, "percent_statements_covered_display": "34"}, "missing_lines": [45, 46, 47, 48, 49, 50, 54, 116, 117, 118, 119, 120, 121, 126, 133, 141, 162, 163, 164, 165, 166, 167, 169, 180, 214, 219, 221, 237, 238, 240, 251, 252, 254, 263, 264, 265, 266, 267, 268, 269, 270, 272, 282, 287], "excluded_lines": [], "functions": {"signaling_game_analyzer": {"executed_lines": [41, 42], "summary": {"covered_lines": 2, "num_statements": 9, "percent_covered": 22.22222222222222, "percent_covered_display": "22", "missing_lines": 7, "excluded_lines": 0, "percent_statements_covered": 22.22222222222222, "percent_statements_covered_display": "22"}, "missing_lines": [45, 46, 47, 48, 49, 50, 54], "excluded_lines": [], "start_line": 14}, "_analyze_costly_signaling": {"executed_lines": [68, 69, 70, 71, 72, 73, 74, 75, 81, 91, 97], "summary": {"covered_lines": 11, "num_statements": 11, "percent_covered": 100.0, "percent_covered_display": "100", "missing_lines": 0, "excluded_lines": 0, "percent_statements_covered": 100.0, "percent_statements_covered_display": "100"}, "missing_lines": [], "excluded_lines": [], "start_line": 60}, "_analyze_cheap_talk": {"executed_lines": [], "summary": {"covered_lines": 0, "num_statements": 9, "percent_covered": 0.0, "percent_covered_display": "0", "missing_lines": 9, "excluded_lines": 0, "percent_statements_covered": 0.0, "percent_statements_covered_display": "0"}, "missing_lines": [116, 117, 118, 119, 120, 121, 126, 133, 141], "excluded_lines": [], "start_line": 111}, "_analyze_education_signaling": {"executed_lines": [], "summary": {"covered_lines": 0, "num_statements": 8, "percent_covered": 0.0, "percent_covered_display": "0", "missing_lines": 8, "excluded_lines": 0, "percent_statements_covered": 0.0, "percent_statements_covered_display": "0"}, "missing_lines": [162, 163, 164, 165, 166, 167, 169, 180], "excluded_lines": [], "start_line": 157}, "_analyze_custom_signaling": {"executed_lines": [], "summary": {"covered_lines": 0, "num_statements": 3, "percent_covered": 0.0, "percent_covered_display": "0", "missing_lines": 3, "excluded_lines": 0, "percent_statements_covered": 0.0, "percent_statements_covered_display": "0"}, "missing_lines": [214, 219, 221], "excluded_lines": [], "start_line": 204}, "_find_separating_equilibrium": {"executed_lines": [], "summary": {"covered_lines": 0, "num_statements": 3, "percent_covered": 0.0, "percent_covered_display": "0", "missing_lines": 3, "excluded_lines": 0, "percent_statements_covered": 0.0, "percent_statements_covered_display": "0"}, "missing_lines": [237, 238, 240], "excluded_lines": [], "start_line": 229}, "_find_pooling_equilibrium": {"executed_lines": [], "summary": {"covered_lines": 0, "num_statements": 3, "percent_covered": 0.0, "percent_covered_display": "0", "missing_lines": 3, "excluded_lines": 0, "percent_statements_covered": 0.0, "percent_statements_covered_display": "0"}, "missing_lines": [251, 252, 254], "excluded_lines": [], "start_line": 246}, "invoke": {"executed_lines": [], "summary": {"covered_lines": 0, "num_statements": 10, "percent_covered": 0.0, "percent_covered_display": "0", "missing_lines": 10, "excluded_lines": 0, "percent_statements_covered": 0.0, "percent_statements_covered_display": "0"}, "missing_lines": [263, 264, 265, 266, 267, 268, 269, 270, 272, 282], "excluded_lines": [], "start_line": 261}, "register_skill": {"executed_lines": [], "summary": {"covered_lines": 0, "num_statements": 1, "percent_covered": 0.0, "percent_covered_display": "0", "missing_lines": 1, "excluded_lines": 0, "percent_statements_covered": 0.0, "percent_statements_covered_display": "0"}, "missing_lines": [287], "excluded_lines": [], "start_line": 285}, "": {"executed_lines": [11, 14, 60, 111, 157, 204, 229, 246, 261, 285], "summary": {"covered_lines": 10, "num_statements": 10, "percent_covered": 100.0, "percent_covered_display": "100", "missing_lines": 0, "excluded_lines": 0, "percent_statements_covered": 100.0, "percent_statements_covered_display": "100"}, "missing_lines": [], "excluded_lines": [], "start_line": 1}}, "classes": {"": {"executed_lines": [11, 14, 41, 42, 60, 68, 69, 70, 71, 72, 73, 74, 75, 81, 91, 97, 111, 157, 204, 229, 246, 261, 285], "summary": {"covered_lines": 23, "num_statements": 67, "percent_covered": 34.32835820895522, "percent_covered_display": "34", "missing_lines": 44, "excluded_lines": 0, "percent_statements_covered": 34.32835820895522, "percent_statements_covered_display": "34"}, "missing_lines": [45, 46, 47, 48, 49, 50, 54, 116, 117, 118, 119, 120, 121, 126, 133, 141, 162, 163, 164, 165, 166, 167, 169, 180, 214, 219, 221, 237, 238, 240, 251, 252, 254, 263, 264, 265, 266, 267, 268, 269, 270, 272, 282, 287], "excluded_lines": [], "start_line": 1}}}}, "totals": {"covered_lines": 1621, "num_statements": 3913, "percent_covered": 41.426015844620494, "percent_covered_display": "41", "missing_lines": 2292, "excluded_lines": 1, "percent_statements_covered": 41.426015844620494, "percent_statements_covered_display": "41"}}