============================= test session starts =============================
platform win32 -- Python 3.14.2, pytest-8.2.2, pluggy-1.6.0
rootdir: D:\Skill Flywheel
configfile: pytest.ini
plugins: anyio-4.12.1, asyncio-0.23.7, cov-5.0.0
asyncio: mode=Mode.AUTO
collected 32 items / 6 errors

=================================== ERRORS ====================================
_______________ ERROR collecting tests/evolution/test_config.py _______________
ImportError while importing test module 'D:\Skill Flywheel\tests\evolution\test_config.py'.
Hint: make sure your test modules/packages have valid Python names.
Traceback:
C:\Users\spectre\AppData\Local\Programs\Python\Python314\Lib\importlib\__init__.py:88: in import_module
    return _bootstrap._gcd_import(name[level:], package, level)
tests\evolution\test_config.py:3: in <module>
    from src.core.evolution.config import EvolutionConfig
src\core\evolution\__init__.py:8: in <module>
    from .cli import EvolutionCLI
src\core\evolution\cli.py:11: in <module>
    from .evolvable_skill_groups import list_evolvable_groups
src\core\evolution\evolvable_skill_groups.py:6: in <module>
    from .genome import SkillGenome, create_initial_genome
src\core\evolution\genome.py:6: in <module>
    from pydantic import BaseModel, ConfigDict, Field, computed_field
E   ModuleNotFoundError: No module named 'pydantic'
_______________ ERROR collecting tests/evolution/test_genome.py _______________
ImportError while importing test module 'D:\Skill Flywheel\tests\evolution\test_genome.py'.
Hint: make sure your test modules/packages have valid Python names.
Traceback:
C:\Users\spectre\AppData\Local\Programs\Python\Python314\Lib\importlib\__init__.py:88: in import_module
    return _bootstrap._gcd_import(name[level:], package, level)
tests\evolution\test_genome.py:5: in <module>
    from src.core.evolution.genome import (
src\core\evolution\__init__.py:8: in <module>
    from .cli import EvolutionCLI
src\core\evolution\cli.py:11: in <module>
    from .evolvable_skill_groups import list_evolvable_groups
src\core\evolution\evolvable_skill_groups.py:6: in <module>
    from .genome import SkillGenome, create_initial_genome
src\core\evolution\genome.py:6: in <module>
    from pydantic import BaseModel, ConfigDict, Field, computed_field
E   ModuleNotFoundError: No module named 'pydantic'
_________________ ERROR collecting tests/test_core_modules.py _________________
ImportError while importing test module 'D:\Skill Flywheel\tests\test_core_modules.py'.
Hint: make sure your test modules/packages have valid Python names.
Traceback:
C:\Users\spectre\AppData\Local\Programs\Python\Python314\Lib\importlib\__init__.py:88: in import_module
    return _bootstrap._gcd_import(name[level:], package, level)
tests\test_core_modules.py:10: in <module>
    from fastapi.testclient import TestClient
E   ModuleNotFoundError: No module named 'fastapi'
____________ ERROR collecting tests/test_evolution_integration.py _____________
ImportError while importing test module 'D:\Skill Flywheel\tests\test_evolution_integration.py'.
Hint: make sure your test modules/packages have valid Python names.
Traceback:
C:\Users\spectre\AppData\Local\Programs\Python\Python314\Lib\importlib\__init__.py:88: in import_module
    return _bootstrap._gcd_import(name[level:], package, level)
tests\test_evolution_integration.py:5: in <module>
    from src.core.evolution import (
src\core\evolution\__init__.py:8: in <module>
    from .cli import EvolutionCLI
src\core\evolution\cli.py:11: in <module>
    from .evolvable_skill_groups import list_evolvable_groups
src\core\evolution\evolvable_skill_groups.py:6: in <module>
    from .genome import SkillGenome, create_initial_genome
src\core\evolution\genome.py:6: in <module>
    from pydantic import BaseModel, ConfigDict, Field, computed_field
E   ModuleNotFoundError: No module named 'pydantic'
__________________ ERROR collecting tests/test_exceptions.py __________________
ImportError while importing test module 'D:\Skill Flywheel\tests\test_exceptions.py'.
Hint: make sure your test modules/packages have valid Python names.
Traceback:
C:\Users\spectre\AppData\Local\Programs\Python\Python314\Lib\importlib\__init__.py:88: in import_module
    return _bootstrap._gcd_import(name[level:], package, level)
tests\test_exceptions.py:14: in <module>
    from src.core.exceptions import (
src\core\exceptions.py:7: in <module>
    from pydantic import BaseModel, Field
E   ModuleNotFoundError: No module named 'pydantic'
________________ ERROR collecting tests/test_mcp_server_fix.py ________________
ImportError while importing test module 'D:\Skill Flywheel\tests\test_mcp_server_fix.py'.
Hint: make sure your test modules/packages have valid Python names.
Traceback:
C:\Users\spectre\AppData\Local\Programs\Python\Python314\Lib\importlib\__init__.py:88: in import_module
    return _bootstrap._gcd_import(name[level:], package, level)
tests\test_mcp_server_fix.py:17: in <module>
    import numpy as np
E   ModuleNotFoundError: No module named 'numpy'
=========================== short test summary info ===========================
ERROR tests/evolution/test_config.py
ERROR tests/evolution/test_genome.py
ERROR tests/test_core_modules.py
ERROR tests/test_evolution_integration.py
ERROR tests/test_exceptions.py
ERROR tests/test_mcp_server_fix.py
!!!!!!!!!!!!!!!!!!! Interrupted: 6 errors during collection !!!!!!!!!!!!!!!!!!!
====================== 1261 warnings, 6 errors in 0.32s =======================
